Mensaje I / 00:00:00:000 / Root(00) para top(01)
Mensaje I / 00:00:00:000 / top(01) para st0(02)
Mensaje I / 00:00:00:000 / top(01) para st1(03)
Mensaje I / 00:00:00:000 / top(01) para st2(04)
Mensaje I / 00:00:00:000 / top(01) para st3(05)
Mensaje I / 00:00:00:000 / top(01) para st4(06)
Mensaje I / 00:00:00:000 / top(01) para st5(07)
Mensaje I / 00:00:00:000 / top(01) para st6(08)
Mensaje I / 00:00:00:000 / top(01) para st7(09)
Mensaje I / 00:00:00:000 / top(01) para st8(10)
Mensaje I / 00:00:00:000 / top(01) para st8(11)
Mensaje I / 00:00:00:000 / top(01) para st9(12)
Mensaje D / 00:00:00:000 / st0(02) / ... para top(01)
Mensaje D / 00:00:00:000 / st1(03) / ... para top(01)
Mensaje D / 00:00:00:000 / st2(04) / ... para top(01)
Mensaje D / 00:00:00:000 / st3(05) / ... para top(01)
Mensaje D / 00:00:00:000 / st4(06) / ... para top(01)
Mensaje D / 00:00:00:000 / st5(07) / ... para top(01)
Mensaje D / 00:00:00:000 / st6(08) / ... para top(01)
Mensaje D / 00:00:00:000 / st7(09) / ... para top(01)
Mensaje D / 00:00:00:000 / st8(10) / ... para top(01)
Mensaje D / 00:00:00:000 / st8(11) / ... para top(01)
Mensaje D / 00:00:00:000 / st9(12) / ... para top(01)
Mensaje D / 00:00:00:000 / top(01) / ... para Root(00)
Mensaje X / 00:00:00:010 / Root(00) / in /      0.00000 para top(01)
Mensaje X / 00:00:00:010 / top(01) / in /      0.00000 para st0(02)
Mensaje X / 00:00:00:010 / top(01) / in /      0.00000 para st1(03)
Mensaje X / 00:00:00:010 / top(01) / in /      0.00000 para st2(04)
Mensaje X / 00:00:00:010 / top(01) / in /      0.00000 para st3(05)
Mensaje X / 00:00:00:010 / top(01) / in /      0.00000 para st4(06)
Mensaje X / 00:00:00:010 / top(01) / in /      0.00000 para st5(07)
Mensaje X / 00:00:00:010 / top(01) / in /      0.00000 para st6(08)
Mensaje X / 00:00:00:010 / top(01) / in /      0.00000 para st7(09)
Mensaje X / 00:00:00:010 / top(01) / in /      0.00000 para st8(10)
Mensaje X / 00:00:00:010 / top(01) / in /      0.00000 para st9(12)
Mensaje D / 00:00:00:010 / st0(02) / 00:00:00:002 para top(01)
Mensaje D / 00:00:00:010 / st1(03) / ... para top(01)
Mensaje D / 00:00:00:010 / st2(04) / ... para top(01)
Mensaje D / 00:00:00:010 / st3(05) / ... para top(01)
Mensaje D / 00:00:00:010 / st4(06) / ... para top(01)
Mensaje D / 00:00:00:010 / st5(07) / ... para top(01)
Mensaje D / 00:00:00:010 / st6(08) / ... para top(01)
Mensaje D / 00:00:00:010 / st7(09) / ... para top(01)
Mensaje D / 00:00:00:010 / st8(10) / ... para top(01)
Mensaje D / 00:00:00:010 / st9(12) / ... para top(01)
Mensaje D / 00:00:00:010 / top(01) / 00:00:00:002 para Root(00)
Mensaje * / 00:00:00:012 / Root(00) para top(01)
Mensaje * / 00:00:00:012 / top(01) para st0(02)
Mensaje Y / 00:00:00:012 / st0(02) / out /      0.00000 para top(01)
Mensaje D / 00:00:00:012 / st0(02) / ... para top(01)
Mensaje Y / 00:00:00:012 / top(01) / idle /      0.00000 para Root(00)
Mensaje X / 00:00:00:012 / top(01) / transin /      0.00000 para st1(03)
Mensaje D / 00:00:00:012 / st1(03) / ... para top(01)
Mensaje D / 00:00:00:012 / top(01) / ... para Root(00)
Mensaje X / 00:00:00:020 / Root(00) / in /      0.00000 para top(01)
Mensaje X / 00:00:00:020 / top(01) / in /      0.00000 para st0(02)
Mensaje X / 00:00:00:020 / top(01) / in /      0.00000 para st1(03)
Mensaje X / 00:00:00:020 / top(01) / in /      0.00000 para st2(04)
Mensaje X / 00:00:00:020 / top(01) / in /      0.00000 para st3(05)
Mensaje X / 00:00:00:020 / top(01) / in /      0.00000 para st4(06)
Mensaje X / 00:00:00:020 / top(01) / in /      0.00000 para st5(07)
Mensaje X / 00:00:00:020 / top(01) / in /      0.00000 para st6(08)
Mensaje X / 00:00:00:020 / top(01) / in /      0.00000 para st7(09)
Mensaje X / 00:00:00:020 / top(01) / in /      0.00000 para st8(10)
Mensaje X / 00:00:00:020 / top(01) / in /      0.00000 para st9(12)
Mensaje D / 00:00:00:020 / st0(02) / ... para top(01)
Mensaje D / 00:00:00:020 / st1(03) / 00:00:00:002 para top(01)
Mensaje D / 00:00:00:020 / st2(04) / ... para top(01)
Mensaje D / 00:00:00:020 / st3(05) / ... para top(01)
Mensaje D / 00:00:00:020 / st4(06) / ... para top(01)
Mensaje D / 00:00:00:020 / st5(07) / ... para top(01)
Mensaje D / 00:00:00:020 / st6(08) / ... para top(01)
Mensaje D / 00:00:00:020 / st7(09) / ... para top(01)
Mensaje D / 00:00:00:020 / st8(10) / ... para top(01)
Mensaje D / 00:00:00:020 / st9(12) / ... para top(01)
Mensaje D / 00:00:00:020 / top(01) / 00:00:00:002 para Root(00)
Mensaje * / 00:00:00:022 / Root(00) para top(01)
Mensaje * / 00:00:00:022 / top(01) para st1(03)
Mensaje Y / 00:00:00:022 / st1(03) / out /      0.00000 para top(01)
Mensaje D / 00:00:00:022 / st1(03) / ... para top(01)
Mensaje Y / 00:00:00:022 / top(01) / checkin /      0.00000 para Root(00)
Mensaje X / 00:00:00:022 / top(01) / transin /      0.00000 para st0(02)
Mensaje X / 00:00:00:022 / top(01) / transin /      0.00000 para st2(04)
Mensaje D / 00:00:00:022 / st0(02) / ... para top(01)
Mensaje D / 00:00:00:022 / st2(04) / ... para top(01)
Mensaje D / 00:00:00:022 / top(01) / ... para Root(00)
Mensaje X / 00:00:00:030 / Root(00) / in /      2.00000 para top(01)
Mensaje X / 00:00:00:030 / top(01) / in /      2.00000 para st0(02)
Mensaje X / 00:00:00:030 / top(01) / in /      2.00000 para st1(03)
Mensaje X / 00:00:00:030 / top(01) / in /      2.00000 para st2(04)
Mensaje X / 00:00:00:030 / top(01) / in /      2.00000 para st3(05)
Mensaje X / 00:00:00:030 / top(01) / in /      2.00000 para st4(06)
Mensaje X / 00:00:00:030 / top(01) / in /      2.00000 para st5(07)
Mensaje X / 00:00:00:030 / top(01) / in /      2.00000 para st6(08)
Mensaje X / 00:00:00:030 / top(01) / in /      2.00000 para st7(09)
Mensaje X / 00:00:00:030 / top(01) / in /      2.00000 para st8(10)
Mensaje X / 00:00:00:030 / top(01) / in /      2.00000 para st9(12)
Mensaje D / 00:00:00:030 / st0(02) / ... para top(01)
Mensaje D / 00:00:00:030 / st1(03) / ... para top(01)
Mensaje D / 00:00:00:030 / st2(04) / 00:00:00:002 para top(01)
Mensaje D / 00:00:00:030 / st3(05) / ... para top(01)
Mensaje D / 00:00:00:030 / st4(06) / ... para top(01)
Mensaje D / 00:00:00:030 / st5(07) / ... para top(01)
Mensaje D / 00:00:00:030 / st6(08) / ... para top(01)
Mensaje D / 00:00:00:030 / st7(09) / ... para top(01)
Mensaje D / 00:00:00:030 / st8(10) / ... para top(01)
Mensaje D / 00:00:00:030 / st9(12) / ... para top(01)
Mensaje D / 00:00:00:030 / top(01) / 00:00:00:002 para Root(00)
Mensaje * / 00:00:00:032 / Root(00) para top(01)
Mensaje * / 00:00:00:032 / top(01) para st2(04)
Mensaje Y / 00:00:00:032 / st2(04) / out /      2.00000 para top(01)
Mensaje D / 00:00:00:032 / st2(04) / ... para top(01)
Mensaje Y / 00:00:00:032 / top(01) / sel-transact /      2.00000 para Root(00)
Mensaje X / 00:00:00:032 / top(01) / transin /      2.00000 para st3(05)
Mensaje X / 00:00:00:032 / top(01) / transin /      2.00000 para st7(09)
Mensaje D / 00:00:00:032 / st3(05) / ... para top(01)
Mensaje D / 00:00:00:032 / st7(09) / ... para top(01)
Mensaje D / 00:00:00:032 / top(01) / ... para Root(00)
Mensaje X / 00:00:00:040 / Root(00) / in /      3.00000 para top(01)
Mensaje X / 00:00:00:040 / top(01) / in /      3.00000 para st0(02)
Mensaje X / 00:00:00:040 / top(01) / in /      3.00000 para st1(03)
Mensaje X / 00:00:00:040 / top(01) / in /      3.00000 para st2(04)
Mensaje X / 00:00:00:040 / top(01) / in /      3.00000 para st3(05)
Mensaje X / 00:00:00:040 / top(01) / in /      3.00000 para st4(06)
Mensaje X / 00:00:00:040 / top(01) / in /      3.00000 para st5(07)
Mensaje X / 00:00:00:040 / top(01) / in /      3.00000 para st6(08)
Mensaje X / 00:00:00:040 / top(01) / in /      3.00000 para st7(09)
Mensaje X / 00:00:00:040 / top(01) / in /      3.00000 para st8(10)
Mensaje X / 00:00:00:040 / top(01) / in /      3.00000 para st9(12)
Mensaje D / 00:00:00:040 / st0(02) / ... para top(01)
Mensaje D / 00:00:00:040 / st1(03) / ... para top(01)
Mensaje D / 00:00:00:040 / st2(04) / ... para top(01)
Mensaje D / 00:00:00:040 / st3(05) / 00:00:00:002 para top(01)
Mensaje D / 00:00:00:040 / st4(06) / ... para top(01)
Mensaje D / 00:00:00:040 / st5(07) / ... para top(01)
Mensaje D / 00:00:00:040 / st6(08) / ... para top(01)
Mensaje D / 00:00:00:040 / st7(09) / ... para top(01)
Mensaje D / 00:00:00:040 / st8(10) / ... para top(01)
Mensaje D / 00:00:00:040 / st9(12) / ... para top(01)
Mensaje D / 00:00:00:040 / top(01) / 00:00:00:002 para Root(00)
Mensaje * / 00:00:00:042 / Root(00) para top(01)
Mensaje * / 00:00:00:042 / top(01) para st3(05)
Mensaje Y / 00:00:00:042 / st3(05) / out /      3.00000 para top(01)
Mensaje D / 00:00:00:042 / st3(05) / ... para top(01)
Mensaje Y / 00:00:00:042 / top(01) / sel-wd-ac /      3.00000 para Root(00)
Mensaje X / 00:00:00:042 / top(01) / transin /      3.00000 para st4(06)
Mensaje D / 00:00:00:042 / st4(06) / ... para top(01)
Mensaje D / 00:00:00:042 / top(01) / ... para Root(00)
Mensaje X / 00:00:00:050 / Root(00) / in /      4.00000 para top(01)
Mensaje X / 00:00:00:050 / top(01) / in /      4.00000 para st0(02)
Mensaje X / 00:00:00:050 / top(01) / in /      4.00000 para st1(03)
Mensaje X / 00:00:00:050 / top(01) / in /      4.00000 para st2(04)
Mensaje X / 00:00:00:050 / top(01) / in /      4.00000 para st3(05)
Mensaje X / 00:00:00:050 / top(01) / in /      4.00000 para st4(06)
Mensaje X / 00:00:00:050 / top(01) / in /      4.00000 para st5(07)
Mensaje X / 00:00:00:050 / top(01) / in /      4.00000 para st6(08)
Mensaje X / 00:00:00:050 / top(01) / in /      4.00000 para st7(09)
Mensaje X / 00:00:00:050 / top(01) / in /      4.00000 para st8(10)
Mensaje X / 00:00:00:050 / top(01) / in /      4.00000 para st9(12)
Mensaje D / 00:00:00:050 / st0(02) / ... para top(01)
Mensaje D / 00:00:00:050 / st1(03) / ... para top(01)
Mensaje D / 00:00:00:050 / st2(04) / ... para top(01)
Mensaje D / 00:00:00:050 / st3(05) / ... para top(01)
Mensaje D / 00:00:00:050 / st4(06) / 00:00:00:002 para top(01)
Mensaje D / 00:00:00:050 / st5(07) / ... para top(01)
Mensaje D / 00:00:00:050 / st6(08) / ... para top(01)
Mensaje D / 00:00:00:050 / st7(09) / ... para top(01)
Mensaje D / 00:00:00:050 / st8(10) / ... para top(01)
Mensaje D / 00:00:00:050 / st9(12) / ... para top(01)
Mensaje D / 00:00:00:050 / top(01) / 00:00:00:002 para Root(00)
Mensaje * / 00:00:00:052 / Root(00) para top(01)
Mensaje * / 00:00:00:052 / top(01) para st4(06)
Mensaje Y / 00:00:00:052 / st4(06) / out /      4.00000 para top(01)
Mensaje D / 00:00:00:052 / st4(06) / ... para top(01)
Mensaje Y / 00:00:00:052 / top(01) / in-amount /      4.00000 para Root(00)
Mensaje X / 00:00:00:052 / top(01) / transin /      4.00000 para st5(07)
Mensaje D / 00:00:00:052 / st5(07) / ... para top(01)
Mensaje D / 00:00:00:052 / top(01) / ... para Root(00)
Mensaje X / 00:00:00:060 / Root(00) / in /      5.00000 para top(01)
Mensaje X / 00:00:00:060 / top(01) / in /      5.00000 para st0(02)
Mensaje X / 00:00:00:060 / top(01) / in /      5.00000 para st1(03)
Mensaje X / 00:00:00:060 / top(01) / in /      5.00000 para st2(04)
Mensaje X / 00:00:00:060 / top(01) / in /      5.00000 para st3(05)
Mensaje X / 00:00:00:060 / top(01) / in /      5.00000 para st4(06)
Mensaje X / 00:00:00:060 / top(01) / in /      5.00000 para st5(07)
Mensaje X / 00:00:00:060 / top(01) / in /      5.00000 para st6(08)
Mensaje X / 00:00:00:060 / top(01) / in /      5.00000 para st7(09)
Mensaje X / 00:00:00:060 / top(01) / in /      5.00000 para st8(10)
Mensaje X / 00:00:00:060 / top(01) / in /      5.00000 para st9(12)
Mensaje D / 00:00:00:060 / st0(02) / ... para top(01)
Mensaje D / 00:00:00:060 / st1(03) / ... para top(01)
Mensaje D / 00:00:00:060 / st2(04) / ... para top(01)
Mensaje D / 00:00:00:060 / st3(05) / ... para top(01)
Mensaje D / 00:00:00:060 / st4(06) / ... para top(01)
Mensaje D / 00:00:00:060 / st5(07) / 00:00:00:002 para top(01)
Mensaje D / 00:00:00:060 / st6(08) / ... para top(01)
Mensaje D / 00:00:00:060 / st7(09) / ... para top(01)
Mensaje D / 00:00:00:060 / st8(10) / ... para top(01)
Mensaje D / 00:00:00:060 / st9(12) / ... para top(01)
Mensaje D / 00:00:00:060 / top(01) / 00:00:00:002 para Root(00)
Mensaje * / 00:00:00:062 / Root(00) para top(01)
Mensaje * / 00:00:00:062 / top(01) para st5(07)
Mensaje Y / 00:00:00:062 / st5(07) / out /      5.00000 para top(01)
Mensaje D / 00:00:00:062 / st5(07) / ... para top(01)
Mensaje Y / 00:00:00:062 / top(01) / confirm /      5.00000 para Root(00)
Mensaje X / 00:00:00:062 / top(01) / transin /      5.00000 para st4(06)
Mensaje X / 00:00:00:062 / top(01) / transin /      5.00000 para st6(08)
Mensaje D / 00:00:00:062 / st4(06) / ... para top(01)
Mensaje D / 00:00:00:062 / st6(08) / ... para top(01)
Mensaje D / 00:00:00:062 / top(01) / ... para Root(00)
Mensaje X / 00:00:00:070 / Root(00) / in /      6.00000 para top(01)
Mensaje X / 00:00:00:070 / top(01) / in /      6.00000 para st0(02)
Mensaje X / 00:00:00:070 / top(01) / in /      6.00000 para st1(03)
Mensaje X / 00:00:00:070 / top(01) / in /      6.00000 para st2(04)
Mensaje X / 00:00:00:070 / top(01) / in /      6.00000 para st3(05)
Mensaje X / 00:00:00:070 / top(01) / in /      6.00000 para st4(06)
Mensaje X / 00:00:00:070 / top(01) / in /      6.00000 para st5(07)
Mensaje X / 00:00:00:070 / top(01) / in /      6.00000 para st6(08)
Mensaje X / 00:00:00:070 / top(01) / in /      6.00000 para st7(09)
Mensaje X / 00:00:00:070 / top(01) / in /      6.00000 para st8(10)
Mensaje X / 00:00:00:070 / top(01) / in /      6.00000 para st9(12)
Mensaje D / 00:00:00:070 / st0(02) / ... para top(01)
Mensaje D / 00:00:00:070 / st1(03) / ... para top(01)
Mensaje D / 00:00:00:070 / st2(04) / ... para top(01)
Mensaje D / 00:00:00:070 / st3(05) / ... para top(01)
Mensaje D / 00:00:00:070 / st4(06) / 00:00:00:002 para top(01)
Mensaje D / 00:00:00:070 / st5(07) / ... para top(01)
Mensaje D / 00:00:00:070 / st6(08) / ... para top(01)
Mensaje D / 00:00:00:070 / st7(09) / ... para top(01)
Mensaje D / 00:00:00:070 / st8(10) / ... para top(01)
Mensaje D / 00:00:00:070 / st9(12) / ... para top(01)
Mensaje D / 00:00:00:070 / top(01) / 00:00:00:002 para Root(00)
Mensaje * / 00:00:00:072 / Root(00) para top(01)
Mensaje * / 00:00:00:072 / top(01) para st4(06)
Mensaje Y / 00:00:00:072 / st4(06) / out /      6.00000 para top(01)
Mensaje D / 00:00:00:072 / st4(06) / ... para top(01)
Mensaje Y / 00:00:00:072 / top(01) / in-amount /      6.00000 para Root(00)
Mensaje X / 00:00:00:072 / top(01) / transin /      6.00000 para st5(07)
Mensaje D / 00:00:00:072 / st5(07) / ... para top(01)
Mensaje D / 00:00:00:072 / top(01) / ... para Root(00)
Mensaje X / 00:00:00:080 / Root(00) / in /      5.00000 para top(01)
Mensaje X / 00:00:00:080 / top(01) / in /      5.00000 para st0(02)
Mensaje X / 00:00:00:080 / top(01) / in /      5.00000 para st1(03)
Mensaje X / 00:00:00:080 / top(01) / in /      5.00000 para st2(04)
Mensaje X / 00:00:00:080 / top(01) / in /      5.00000 para st3(05)
Mensaje X / 00:00:00:080 / top(01) / in /      5.00000 para st4(06)
Mensaje X / 00:00:00:080 / top(01) / in /      5.00000 para st5(07)
Mensaje X / 00:00:00:080 / top(01) / in /      5.00000 para st6(08)
Mensaje X / 00:00:00:080 / top(01) / in /      5.00000 para st7(09)
Mensaje X / 00:00:00:080 / top(01) / in /      5.00000 para st8(10)
Mensaje X / 00:00:00:080 / top(01) / in /      5.00000 para st9(12)
Mensaje D / 00:00:00:080 / st0(02) / ... para top(01)
Mensaje D / 00:00:00:080 / st1(03) / ... para top(01)
Mensaje D / 00:00:00:080 / st2(04) / ... para top(01)
Mensaje D / 00:00:00:080 / st3(05) / ... para top(01)
Mensaje D / 00:00:00:080 / st4(06) / ... para top(01)
Mensaje D / 00:00:00:080 / st5(07) / 00:00:00:002 para top(01)
Mensaje D / 00:00:00:080 / st6(08) / ... para top(01)
Mensaje D / 00:00:00:080 / st7(09) / ... para top(01)
Mensaje D / 00:00:00:080 / st8(10) / ... para top(01)
Mensaje D / 00:00:00:080 / st9(12) / ... para top(01)
Mensaje D / 00:00:00:080 / top(01) / 00:00:00:002 para Root(00)
Mensaje * / 00:00:00:082 / Root(00) para top(01)
Mensaje * / 00:00:00:082 / top(01) para st5(07)
Mensaje Y / 00:00:00:082 / st5(07) / out /      5.00000 para top(01)
Mensaje D / 00:00:00:082 / st5(07) / ... para top(01)
Mensaje Y / 00:00:00:082 / top(01) / confirm /      5.00000 para Root(00)
Mensaje X / 00:00:00:082 / top(01) / transin /      5.00000 para st4(06)
Mensaje X / 00:00:00:082 / top(01) / transin /      5.00000 para st6(08)
Mensaje D / 00:00:00:082 / st4(06) / ... para top(01)
Mensaje D / 00:00:00:082 / st6(08) / ... para top(01)
Mensaje D / 00:00:00:082 / top(01) / ... para Root(00)
Mensaje X / 00:00:00:090 / Root(00) / in /      7.00000 para top(01)
Mensaje X / 00:00:00:090 / top(01) / in /      7.00000 para st0(02)
Mensaje X / 00:00:00:090 / top(01) / in /      7.00000 para st1(03)
Mensaje X / 00:00:00:090 / top(01) / in /      7.00000 para st2(04)
Mensaje X / 00:00:00:090 / top(01) / in /      7.00000 para st3(05)
Mensaje X / 00:00:00:090 / top(01) / in /      7.00000 para st4(06)
Mensaje X / 00:00:00:090 / top(01) / in /      7.00000 para st5(07)
Mensaje X / 00:00:00:090 / top(01) / in /      7.00000 para st6(08)
Mensaje X / 00:00:00:090 / top(01) / in /      7.00000 para st7(09)
Mensaje X / 00:00:00:090 / top(01) / in /      7.00000 para st8(10)
Mensaje X / 00:00:00:090 / top(01) / in /      7.00000 para st9(12)
Mensaje D / 00:00:00:090 / st0(02) / ... para top(01)
Mensaje D / 00:00:00:090 / st1(03) / ... para top(01)
Mensaje D / 00:00:00:090 / st2(04) / ... para top(01)
Mensaje D / 00:00:00:090 / st3(05) / ... para top(01)
Mensaje D / 00:00:00:090 / st4(06) / ... para top(01)
Mensaje D / 00:00:00:090 / st5(07) / ... para top(01)
Mensaje D / 00:00:00:090 / st6(08) / 00:00:00:002 para top(01)
Mensaje D / 00:00:00:090 / st7(09) / ... para top(01)
Mensaje D / 00:00:00:090 / st8(10) / ... para top(01)
Mensaje D / 00:00:00:090 / st9(12) / ... para top(01)
Mensaje D / 00:00:00:090 / top(01) / 00:00:00:002 para Root(00)
Mensaje * / 00:00:00:092 / Root(00) para top(01)
Mensaje * / 00:00:00:092 / top(01) para st6(08)
Mensaje Y / 00:00:00:092 / st6(08) / out /      7.00000 para top(01)
Mensaje D / 00:00:00:092 / st6(08) / ... para top(01)
Mensaje Y / 00:00:00:092 / top(01) / dispensing /      7.00000 para Root(00)
Mensaje X / 00:00:00:092 / top(01) / transin /      7.00000 para st0(02)
Mensaje D / 00:00:00:092 / st0(02) / ... para top(01)
Mensaje D / 00:00:00:092 / top(01) / ... para Root(00)
Mensaje X / 00:00:00:100 / Root(00) / in /      8.00000 para top(01)
Mensaje X / 00:00:00:100 / top(01) / in /      8.00000 para st0(02)
Mensaje X / 00:00:00:100 / top(01) / in /      8.00000 para st1(03)
Mensaje X / 00:00:00:100 / top(01) / in /      8.00000 para st2(04)
Mensaje X / 00:00:00:100 / top(01) / in /      8.00000 para st3(05)
Mensaje X / 00:00:00:100 / top(01) / in /      8.00000 para st4(06)
Mensaje X / 00:00:00:100 / top(01) / in /      8.00000 para st5(07)
Mensaje X / 00:00:00:100 / top(01) / in /      8.00000 para st6(08)
Mensaje X / 00:00:00:100 / top(01) / in /      8.00000 para st7(09)
Mensaje X / 00:00:00:100 / top(01) / in /      8.00000 para st8(10)
Mensaje X / 00:00:00:100 / top(01) / in /      8.00000 para st9(12)
Mensaje D / 00:00:00:100 / st0(02) / 00:00:00:002 para top(01)
Mensaje D / 00:00:00:100 / st1(03) / ... para top(01)
Mensaje D / 00:00:00:100 / st2(04) / ... para top(01)
Mensaje D / 00:00:00:100 / st3(05) / ... para top(01)
Mensaje D / 00:00:00:100 / st4(06) / ... para top(01)
Mensaje D / 00:00:00:100 / st5(07) / ... para top(01)
Mensaje D / 00:00:00:100 / st6(08) / ... para top(01)
Mensaje D / 00:00:00:100 / st7(09) / ... para top(01)
Mensaje D / 00:00:00:100 / st8(10) / ... para top(01)
Mensaje D / 00:00:00:100 / st9(12) / ... para top(01)
Mensaje D / 00:00:00:100 / top(01) / 00:00:00:002 para Root(00)
Mensaje * / 00:00:00:102 / Root(00) para top(01)
Mensaje * / 00:00:00:102 / top(01) para st0(02)
Mensaje Y / 00:00:00:102 / st0(02) / out /      8.00000 para top(01)
Mensaje D / 00:00:00:102 / st0(02) / ... para top(01)
Mensaje Y / 00:00:00:102 / top(01) / idle /      8.00000 para Root(00)
Mensaje X / 00:00:00:102 / top(01) / transin /      8.00000 para st1(03)
Mensaje D / 00:00:00:102 / st1(03) / ... para top(01)
Mensaje D / 00:00:00:102 / top(01) / ... para Root(00)
Mensaje X / 00:00:00:110 / Root(00) / in /      0.00000 para top(01)
Mensaje X / 00:00:00:110 / top(01) / in /      0.00000 para st0(02)
Mensaje X / 00:00:00:110 / top(01) / in /      0.00000 para st1(03)
Mensaje X / 00:00:00:110 / top(01) / in /      0.00000 para st2(04)
Mensaje X / 00:00:00:110 / top(01) / in /      0.00000 para st3(05)
Mensaje X / 00:00:00:110 / top(01) / in /      0.00000 para st4(06)
Mensaje X / 00:00:00:110 / top(01) / in /      0.00000 para st5(07)
Mensaje X / 00:00:00:110 / top(01) / in /      0.00000 para st6(08)
Mensaje X / 00:00:00:110 / top(01) / in /      0.00000 para st7(09)
Mensaje X / 00:00:00:110 / top(01) / in /      0.00000 para st8(10)
Mensaje X / 00:00:00:110 / top(01) / in /      0.00000 para st9(12)
Mensaje D / 00:00:00:110 / st0(02) / ... para top(01)
Mensaje D / 00:00:00:110 / st1(03) / 00:00:00:002 para top(01)
Mensaje D / 00:00:00:110 / st2(04) / ... para top(01)
Mensaje D / 00:00:00:110 / st3(05) / ... para top(01)
Mensaje D / 00:00:00:110 / st4(06) / ... para top(01)
Mensaje D / 00:00:00:110 / st5(07) / ... para top(01)
Mensaje D / 00:00:00:110 / st6(08) / ... para top(01)
Mensaje D / 00:00:00:110 / st7(09) / ... para top(01)
Mensaje D / 00:00:00:110 / st8(10) / ... para top(01)
Mensaje D / 00:00:00:110 / st9(12) / ... para top(01)
Mensaje D / 00:00:00:110 / top(01) / 00:00:00:002 para Root(00)
Mensaje * / 00:00:00:112 / Root(00) para top(01)
Mensaje * / 00:00:00:112 / top(01) para st1(03)
Mensaje Y / 00:00:00:112 / st1(03) / out /      0.00000 para top(01)
Mensaje D / 00:00:00:112 / st1(03) / ... para top(01)
Mensaje Y / 00:00:00:112 / top(01) / checkin /      0.00000 para Root(00)
Mensaje X / 00:00:00:112 / top(01) / transin /      0.00000 para st0(02)
Mensaje X / 00:00:00:112 / top(01) / transin /      0.00000 para st2(04)
Mensaje D / 00:00:00:112 / st0(02) / ... para top(01)
Mensaje D / 00:00:00:112 / st2(04) / ... para top(01)
Mensaje D / 00:00:00:112 / top(01) / ... para Root(00)
Mensaje X / 00:00:00:120 / Root(00) / in /      1.00000 para top(01)
Mensaje X / 00:00:00:120 / top(01) / in /      1.00000 para st0(02)
Mensaje X / 00:00:00:120 / top(01) / in /      1.00000 para st1(03)
Mensaje X / 00:00:00:120 / top(01) / in /      1.00000 para st2(04)
Mensaje X / 00:00:00:120 / top(01) / in /      1.00000 para st3(05)
Mensaje X / 00:00:00:120 / top(01) / in /      1.00000 para st4(06)
Mensaje X / 00:00:00:120 / top(01) / in /      1.00000 para st5(07)
Mensaje X / 00:00:00:120 / top(01) / in /      1.00000 para st6(08)
Mensaje X / 00:00:00:120 / top(01) / in /      1.00000 para st7(09)
Mensaje X / 00:00:00:120 / top(01) / in /      1.00000 para st8(10)
Mensaje X / 00:00:00:120 / top(01) / in /      1.00000 para st9(12)
Mensaje D / 00:00:00:120 / st0(02) / 00:00:00:002 para top(01)
Mensaje D / 00:00:00:120 / st1(03) / ... para top(01)
Mensaje D / 00:00:00:120 / st2(04) / ... para top(01)
Mensaje D / 00:00:00:120 / st3(05) / ... para top(01)
Mensaje D / 00:00:00:120 / st4(06) / ... para top(01)
Mensaje D / 00:00:00:120 / st5(07) / ... para top(01)
Mensaje D / 00:00:00:120 / st6(08) / ... para top(01)
Mensaje D / 00:00:00:120 / st7(09) / ... para top(01)
Mensaje D / 00:00:00:120 / st8(10) / ... para top(01)
Mensaje D / 00:00:00:120 / st9(12) / ... para top(01)
Mensaje D / 00:00:00:120 / top(01) / 00:00:00:002 para Root(00)
Mensaje * / 00:00:00:122 / Root(00) para top(01)
Mensaje * / 00:00:00:122 / top(01) para st0(02)
Mensaje Y / 00:00:00:122 / st0(02) / out /      1.00000 para top(01)
Mensaje D / 00:00:00:122 / st0(02) / ... para top(01)
Mensaje Y / 00:00:00:122 / top(01) / idle /      1.00000 para Root(00)
Mensaje X / 00:00:00:122 / top(01) / transin /      1.00000 para st1(03)
Mensaje D / 00:00:00:122 / st1(03) / ... para top(01)
Mensaje D / 00:00:00:122 / top(01) / ... para Root(00)
Mensaje X / 00:00:00:130 / Root(00) / in /      0.00000 para top(01)
Mensaje X / 00:00:00:130 / top(01) / in /      0.00000 para st0(02)
Mensaje X / 00:00:00:130 / top(01) / in /      0.00000 para st1(03)
Mensaje X / 00:00:00:130 / top(01) / in /      0.00000 para st2(04)
Mensaje X / 00:00:00:130 / top(01) / in /      0.00000 para st3(05)
Mensaje X / 00:00:00:130 / top(01) / in /      0.00000 para st4(06)
Mensaje X / 00:00:00:130 / top(01) / in /      0.00000 para st5(07)
Mensaje X / 00:00:00:130 / top(01) / in /      0.00000 para st6(08)
Mensaje X / 00:00:00:130 / top(01) / in /      0.00000 para st7(09)
Mensaje X / 00:00:00:130 / top(01) / in /      0.00000 para st8(10)
Mensaje X / 00:00:00:130 / top(01) / in /      0.00000 para st9(12)
Mensaje D / 00:00:00:130 / st0(02) / ... para top(01)
Mensaje D / 00:00:00:130 / st1(03) / 00:00:00:002 para top(01)
Mensaje D / 00:00:00:130 / st2(04) / ... para top(01)
Mensaje D / 00:00:00:130 / st3(05) / ... para top(01)
Mensaje D / 00:00:00:130 / st4(06) / ... para top(01)
Mensaje D / 00:00:00:130 / st5(07) / ... para top(01)
Mensaje D / 00:00:00:130 / st6(08) / ... para top(01)
Mensaje D / 00:00:00:130 / st7(09) / ... para top(01)
Mensaje D / 00:00:00:130 / st8(10) / ... para top(01)
Mensaje D / 00:00:00:130 / st9(12) / ... para top(01)
Mensaje D / 00:00:00:130 / top(01) / 00:00:00:002 para Root(00)
Mensaje * / 00:00:00:132 / Root(00) para top(01)
Mensaje * / 00:00:00:132 / top(01) para st1(03)
Mensaje Y / 00:00:00:132 / st1(03) / out /      0.00000 para top(01)
Mensaje D / 00:00:00:132 / st1(03) / ... para top(01)
Mensaje Y / 00:00:00:132 / top(01) / checkin /      0.00000 para Root(00)
Mensaje X / 00:00:00:132 / top(01) / transin /      0.00000 para st0(02)
Mensaje X / 00:00:00:132 / top(01) / transin /      0.00000 para st2(04)
Mensaje D / 00:00:00:132 / st0(02) / ... para top(01)
Mensaje D / 00:00:00:132 / st2(04) / ... para top(01)
Mensaje D / 00:00:00:132 / top(01) / ... para Root(00)
Mensaje X / 00:00:00:140 / Root(00) / in /      1.00000 para top(01)
Mensaje X / 00:00:00:140 / top(01) / in /      1.00000 para st0(02)
Mensaje X / 00:00:00:140 / top(01) / in /      1.00000 para st1(03)
Mensaje X / 00:00:00:140 / top(01) / in /      1.00000 para st2(04)
Mensaje X / 00:00:00:140 / top(01) / in /      1.00000 para st3(05)
Mensaje X / 00:00:00:140 / top(01) / in /      1.00000 para st4(06)
Mensaje X / 00:00:00:140 / top(01) / in /      1.00000 para st5(07)
Mensaje X / 00:00:00:140 / top(01) / in /      1.00000 para st6(08)
Mensaje X / 00:00:00:140 / top(01) / in /      1.00000 para st7(09)
Mensaje X / 00:00:00:140 / top(01) / in /      1.00000 para st8(10)
Mensaje X / 00:00:00:140 / top(01) / in /      1.00000 para st9(12)
Mensaje D / 00:00:00:140 / st0(02) / 00:00:00:002 para top(01)
Mensaje D / 00:00:00:140 / st1(03) / ... para top(01)
Mensaje D / 00:00:00:140 / st2(04) / ... para top(01)
Mensaje D / 00:00:00:140 / st3(05) / ... para top(01)
Mensaje D / 00:00:00:140 / st4(06) / ... para top(01)
Mensaje D / 00:00:00:140 / st5(07) / ... para top(01)
Mensaje D / 00:00:00:140 / st6(08) / ... para top(01)
Mensaje D / 00:00:00:140 / st7(09) / ... para top(01)
Mensaje D / 00:00:00:140 / st8(10) / ... para top(01)
Mensaje D / 00:00:00:140 / st9(12) / ... para top(01)
Mensaje D / 00:00:00:140 / top(01) / 00:00:00:002 para Root(00)
Mensaje * / 00:00:00:142 / Root(00) para top(01)
Mensaje * / 00:00:00:142 / top(01) para st0(02)
Mensaje Y / 00:00:00:142 / st0(02) / out /      1.00000 para top(01)
Mensaje D / 00:00:00:142 / st0(02) / ... para top(01)
Mensaje Y / 00:00:00:142 / top(01) / idle /      1.00000 para Root(00)
Mensaje X / 00:00:00:142 / top(01) / transin /      1.00000 para st1(03)
Mensaje D / 00:00:00:142 / st1(03) / ... para top(01)
Mensaje D / 00:00:00:142 / top(01) / ... para Root(00)
Mensaje X / 00:00:00:150 / Root(00) / in /      0.00000 para top(01)
Mensaje X / 00:00:00:150 / top(01) / in /      0.00000 para st0(02)
Mensaje X / 00:00:00:150 / top(01) / in /      0.00000 para st1(03)
Mensaje X / 00:00:00:150 / top(01) / in /      0.00000 para st2(04)
Mensaje X / 00:00:00:150 / top(01) / in /      0.00000 para st3(05)
Mensaje X / 00:00:00:150 / top(01) / in /      0.00000 para st4(06)
Mensaje X / 00:00:00:150 / top(01) / in /      0.00000 para st5(07)
Mensaje X / 00:00:00:150 / top(01) / in /      0.00000 para st6(08)
Mensaje X / 00:00:00:150 / top(01) / in /      0.00000 para st7(09)
Mensaje X / 00:00:00:150 / top(01) / in /      0.00000 para st8(10)
Mensaje X / 00:00:00:150 / top(01) / in /      0.00000 para st9(12)
Mensaje D / 00:00:00:150 / st0(02) / ... para top(01)
Mensaje D / 00:00:00:150 / st1(03) / 00:00:00:002 para top(01)
Mensaje D / 00:00:00:150 / st2(04) / ... para top(01)
Mensaje D / 00:00:00:150 / st3(05) / ... para top(01)
Mensaje D / 00:00:00:150 / st4(06) / ... para top(01)
Mensaje D / 00:00:00:150 / st5(07) / ... para top(01)
Mensaje D / 00:00:00:150 / st6(08) / ... para top(01)
Mensaje D / 00:00:00:150 / st7(09) / ... para top(01)
Mensaje D / 00:00:00:150 / st8(10) / ... para top(01)
Mensaje D / 00:00:00:150 / st9(12) / ... para top(01)
Mensaje D / 00:00:00:150 / top(01) / 00:00:00:002 para Root(00)
Mensaje * / 00:00:00:152 / Root(00) para top(01)
Mensaje * / 00:00:00:152 / top(01) para st1(03)
Mensaje Y / 00:00:00:152 / st1(03) / out /      0.00000 para top(01)
Mensaje D / 00:00:00:152 / st1(03) / ... para top(01)
Mensaje Y / 00:00:00:152 / top(01) / checkin /      0.00000 para Root(00)
Mensaje X / 00:00:00:152 / top(01) / transin /      0.00000 para st0(02)
Mensaje X / 00:00:00:152 / top(01) / transin /      0.00000 para st2(04)
Mensaje D / 00:00:00:152 / st0(02) / ... para top(01)
Mensaje D / 00:00:00:152 / st2(04) / ... para top(01)
Mensaje D / 00:00:00:152 / top(01) / ... para Root(00)
Mensaje X / 00:00:00:160 / Root(00) / in /      2.00000 para top(01)
Mensaje X / 00:00:00:160 / top(01) / in /      2.00000 para st0(02)
Mensaje X / 00:00:00:160 / top(01) / in /      2.00000 para st1(03)
Mensaje X / 00:00:00:160 / top(01) / in /      2.00000 para st2(04)
Mensaje X / 00:00:00:160 / top(01) / in /      2.00000 para st3(05)
Mensaje X / 00:00:00:160 / top(01) / in /      2.00000 para st4(06)
Mensaje X / 00:00:00:160 / top(01) / in /      2.00000 para st5(07)
Mensaje X / 00:00:00:160 / top(01) / in /      2.00000 para st6(08)
Mensaje X / 00:00:00:160 / top(01) / in /      2.00000 para st7(09)
Mensaje X / 00:00:00:160 / top(01) / in /      2.00000 para st8(10)
Mensaje X / 00:00:00:160 / top(01) / in /      2.00000 para st9(12)
Mensaje D / 00:00:00:160 / st0(02) / ... para top(01)
Mensaje D / 00:00:00:160 / st1(03) / ... para top(01)
Mensaje D / 00:00:00:160 / st2(04) / 00:00:00:002 para top(01)
Mensaje D / 00:00:00:160 / st3(05) / ... para top(01)
Mensaje D / 00:00:00:160 / st4(06) / ... para top(01)
Mensaje D / 00:00:00:160 / st5(07) / ... para top(01)
Mensaje D / 00:00:00:160 / st6(08) / ... para top(01)
Mensaje D / 00:00:00:160 / st7(09) / ... para top(01)
Mensaje D / 00:00:00:160 / st8(10) / ... para top(01)
Mensaje D / 00:00:00:160 / st9(12) / ... para top(01)
Mensaje D / 00:00:00:160 / top(01) / 00:00:00:002 para Root(00)
Mensaje * / 00:00:00:162 / Root(00) para top(01)
Mensaje * / 00:00:00:162 / top(01) para st2(04)
Mensaje Y / 00:00:00:162 / st2(04) / out /      2.00000 para top(01)
Mensaje D / 00:00:00:162 / st2(04) / ... para top(01)
Mensaje Y / 00:00:00:162 / top(01) / sel-transact /      2.00000 para Root(00)
Mensaje X / 00:00:00:162 / top(01) / transin /      2.00000 para st3(05)
Mensaje X / 00:00:00:162 / top(01) / transin /      2.00000 para st7(09)
Mensaje D / 00:00:00:162 / st3(05) / ... para top(01)
Mensaje D / 00:00:00:162 / st7(09) / ... para top(01)
Mensaje D / 00:00:00:162 / top(01) / ... para Root(00)
Mensaje X / 00:00:00:170 / Root(00) / in /      9.00000 para top(01)
Mensaje X / 00:00:00:170 / top(01) / in /      9.00000 para st0(02)
Mensaje X / 00:00:00:170 / top(01) / in /      9.00000 para st1(03)
Mensaje X / 00:00:00:170 / top(01) / in /      9.00000 para st2(04)
Mensaje X / 00:00:00:170 / top(01) / in /      9.00000 para st3(05)
Mensaje X / 00:00:00:170 / top(01) / in /      9.00000 para st4(06)
Mensaje X / 00:00:00:170 / top(01) / in /      9.00000 para st5(07)
Mensaje X / 00:00:00:170 / top(01) / in /      9.00000 para st6(08)
Mensaje X / 00:00:00:170 / top(01) / in /      9.00000 para st7(09)
Mensaje X / 00:00:00:170 / top(01) / in /      9.00000 para st8(10)
Mensaje X / 00:00:00:170 / top(01) / in /      9.00000 para st9(12)
Mensaje D / 00:00:00:170 / st0(02) / ... para top(01)
Mensaje D / 00:00:00:170 / st1(03) / ... para top(01)
Mensaje D / 00:00:00:170 / st2(04) / ... para top(01)
Mensaje D / 00:00:00:170 / st3(05) / ... para top(01)
Mensaje D / 00:00:00:170 / st4(06) / ... para top(01)
Mensaje D / 00:00:00:170 / st5(07) / ... para top(01)
Mensaje D / 00:00:00:170 / st6(08) / ... para top(01)
Mensaje D / 00:00:00:170 / st7(09) / 00:00:00:002 para top(01)
Mensaje D / 00:00:00:170 / st8(10) / ... para top(01)
Mensaje D / 00:00:00:170 / st9(12) / ... para top(01)
Mensaje D / 00:00:00:170 / top(01) / 00:00:00:002 para Root(00)
Mensaje * / 00:00:00:172 / Root(00) para top(01)
Mensaje * / 00:00:00:172 / top(01) para st7(09)
Mensaje Y / 00:00:00:172 / st7(09) / out /      9.00000 para top(01)
Mensaje D / 00:00:00:172 / st7(09) / ... para top(01)
Mensaje Y / 00:00:00:172 / top(01) / sel-depo-ac /      9.00000 para Root(00)
Mensaje X / 00:00:00:172 / top(01) / transin /      9.00000 para st8(10)
Mensaje D / 00:00:00:172 / st8(10) / ... para top(01)
Mensaje D / 00:00:00:172 / top(01) / ... para Root(00)
Mensaje X / 00:00:00:180 / Root(00) / in /      4.00000 para top(01)
Mensaje X / 00:00:00:180 / top(01) / in /      4.00000 para st0(02)
Mensaje X / 00:00:00:180 / top(01) / in /      4.00000 para st1(03)
Mensaje X / 00:00:00:180 / top(01) / in /      4.00000 para st2(04)
Mensaje X / 00:00:00:180 / top(01) / in /      4.00000 para st3(05)
Mensaje X / 00:00:00:180 / top(01) / in /      4.00000 para st4(06)
Mensaje X / 00:00:00:180 / top(01) / in /      4.00000 para st5(07)
Mensaje X / 00:00:00:180 / top(01) / in /      4.00000 para st6(08)
Mensaje X / 00:00:00:180 / top(01) / in /      4.00000 para st7(09)
Mensaje X / 00:00:00:180 / top(01) / in /      4.00000 para st8(10)
Mensaje X / 00:00:00:180 / top(01) / in /      4.00000 para st9(12)
Mensaje D / 00:00:00:180 / st0(02) / ... para top(01)
Mensaje D / 00:00:00:180 / st1(03) / ... para top(01)
Mensaje D / 00:00:00:180 / st2(04) / ... para top(01)
Mensaje D / 00:00:00:180 / st3(05) / ... para top(01)
Mensaje D / 00:00:00:180 / st4(06) / ... para top(01)
Mensaje D / 00:00:00:180 / st5(07) / ... para top(01)
Mensaje D / 00:00:00:180 / st6(08) / ... para top(01)
Mensaje D / 00:00:00:180 / st7(09) / ... para top(01)
Mensaje D / 00:00:00:180 / st8(10) / 00:00:00:002 para top(01)
Mensaje D / 00:00:00:180 / st9(12) / ... para top(01)
Mensaje D / 00:00:00:180 / top(01) / 00:00:00:002 para Root(00)
Mensaje * / 00:00:00:182 / Root(00) para top(01)
Mensaje * / 00:00:00:182 / top(01) para st8(10)
Mensaje Y / 00:00:00:182 / st8(10) / out /      4.00000 para top(01)
Mensaje D / 00:00:00:182 / st8(10) / ... para top(01)
Mensaje Y / 00:00:00:182 / top(01) / depo-ready /      4.00000 para Root(00)
Mensaje X / 00:00:00:182 / top(01) / transin /      4.00000 para st9(12)
Mensaje D / 00:00:00:182 / st9(12) / ... para top(01)
Mensaje D / 00:00:00:182 / top(01) / ... para Root(00)
Mensaje X / 00:00:00:190 / Root(00) / in /     10.00000 para top(01)
Mensaje X / 00:00:00:190 / top(01) / in /     10.00000 para st0(02)
Mensaje X / 00:00:00:190 / top(01) / in /     10.00000 para st1(03)
Mensaje X / 00:00:00:190 / top(01) / in /     10.00000 para st2(04)
Mensaje X / 00:00:00:190 / top(01) / in /     10.00000 para st3(05)
Mensaje X / 00:00:00:190 / top(01) / in /     10.00000 para st4(06)
Mensaje X / 00:00:00:190 / top(01) / in /     10.00000 para st5(07)
Mensaje X / 00:00:00:190 / top(01) / in /     10.00000 para st6(08)
Mensaje X / 00:00:00:190 / top(01) / in /     10.00000 para st7(09)
Mensaje X / 00:00:00:190 / top(01) / in /     10.00000 para st8(10)
Mensaje X / 00:00:00:190 / top(01) / in /     10.00000 para st9(12)
Mensaje D / 00:00:00:190 / st0(02) / ... para top(01)
Mensaje D / 00:00:00:190 / st1(03) / ... para top(01)
Mensaje D / 00:00:00:190 / st2(04) / ... para top(01)
Mensaje D / 00:00:00:190 / st3(05) / ... para top(01)
Mensaje D / 00:00:00:190 / st4(06) / ... para top(01)
Mensaje D / 00:00:00:190 / st5(07) / ... para top(01)
Mensaje D / 00:00:00:190 / st6(08) / ... para top(01)
Mensaje D / 00:00:00:190 / st7(09) / ... para top(01)
Mensaje D / 00:00:00:190 / st8(10) / ... para top(01)
Mensaje D / 00:00:00:190 / st9(12) / 00:00:00:002 para top(01)
Mensaje D / 00:00:00:190 / top(01) / 00:00:00:002 para Root(00)
Mensaje * / 00:00:00:192 / Root(00) para top(01)
Mensaje * / 00:00:00:192 / top(01) para st9(12)
Mensaje Y / 00:00:00:192 / st9(12) / out /     10.00000 para top(01)
Mensaje D / 00:00:00:192 / st9(12) / ... para top(01)
Mensaje Y / 00:00:00:192 / top(01) / depo-end /     10.00000 para Root(00)
Mensaje X / 00:00:00:192 / top(01) / transin /     10.00000 para st0(02)
Mensaje D / 00:00:00:192 / st0(02) / ... para top(01)
Mensaje D / 00:00:00:192 / top(01) / ... para Root(00)
Mensaje X / 00:00:00:200 / Root(00) / in /      8.00000 para top(01)
Mensaje X / 00:00:00:200 / top(01) / in /      8.00000 para st0(02)
Mensaje X / 00:00:00:200 / top(01) / in /      8.00000 para st1(03)
Mensaje X / 00:00:00:200 / top(01) / in /      8.00000 para st2(04)
Mensaje X / 00:00:00:200 / top(01) / in /      8.00000 para st3(05)
Mensaje X / 00:00:00:200 / top(01) / in /      8.00000 para st4(06)
Mensaje X / 00:00:00:200 / top(01) / in /      8.00000 para st5(07)
Mensaje X / 00:00:00:200 / top(01) / in /      8.00000 para st6(08)
Mensaje X / 00:00:00:200 / top(01) / in /      8.00000 para st7(09)
Mensaje X / 00:00:00:200 / top(01) / in /      8.00000 para st8(10)
Mensaje X / 00:00:00:200 / top(01) / in /      8.00000 para st9(12)
Mensaje D / 00:00:00:200 / st0(02) / 00:00:00:002 para top(01)
Mensaje D / 00:00:00:200 / st1(03) / ... para top(01)
Mensaje D / 00:00:00:200 / st2(04) / ... para top(01)
Mensaje D / 00:00:00:200 / st3(05) / ... para top(01)
Mensaje D / 00:00:00:200 / st4(06) / ... para top(01)
Mensaje D / 00:00:00:200 / st5(07) / ... para top(01)
Mensaje D / 00:00:00:200 / st6(08) / ... para top(01)
Mensaje D / 00:00:00:200 / st7(09) / ... para top(01)
Mensaje D / 00:00:00:200 / st8(10) / ... para top(01)
Mensaje D / 00:00:00:200 / st9(12) / ... para top(01)
Mensaje D / 00:00:00:200 / top(01) / 00:00:00:002 para Root(00)
Mensaje * / 00:00:00:202 / Root(00) para top(01)
Mensaje * / 00:00:00:202 / top(01) para st0(02)
Mensaje Y / 00:00:00:202 / st0(02) / out /      8.00000 para top(01)
Mensaje D / 00:00:00:202 / st0(02) / ... para top(01)
Mensaje Y / 00:00:00:202 / top(01) / idle /      8.00000 para Root(00)
Mensaje X / 00:00:00:202 / top(01) / transin /      8.00000 para st1(03)
Mensaje D / 00:00:00:202 / st1(03) / ... para top(01)
Mensaje D / 00:00:00:202 / top(01) / ... para Root(00)
