Mensaje I / 00:00:00:000 / Root(00) para top(01)
Mensaje I / 00:00:00:000 / top(01) para cold(02)
Mensaje I / 00:00:00:000 / top(01) para heating(03)
Mensaje I / 00:00:00:000 / top(01) para boiling(04)
Mensaje I / 00:00:00:000 / top(01) para cooling(05)
Mensaje D / 00:00:00:000 / cold(02) / ... para top(01)
Mensaje D / 00:00:00:000 / heating(03) / ... para top(01)
Mensaje D / 00:00:00:000 / boiling(04) / ... para top(01)
Mensaje D / 00:00:00:000 / cooling(05) / ... para top(01)
Mensaje D / 00:00:00:000 / top(01) / ... para Root(00)
Mensaje X / 00:00:00:010 / Root(00) / in /      0.00000 para top(01)
Mensaje X / 00:00:00:010 / top(01) / in /      0.00000 para cold(02)
Mensaje X / 00:00:00:010 / top(01) / in /      0.00000 para heating(03)
Mensaje X / 00:00:00:010 / top(01) / in /      0.00000 para boiling(04)
Mensaje X / 00:00:00:010 / top(01) / in /      0.00000 para cooling(05)
Mensaje D / 00:00:00:010 / cold(02) / 00:00:00:002 para top(01)
Mensaje D / 00:00:00:010 / heating(03) / ... para top(01)
Mensaje D / 00:00:00:010 / boiling(04) / ... para top(01)
Mensaje D / 00:00:00:010 / cooling(05) / ... para top(01)
Mensaje D / 00:00:00:010 / top(01) / 00:00:00:002 para Root(00)
Mensaje * / 00:00:00:012 / Root(00) para top(01)
Mensaje * / 00:00:00:012 / top(01) para cold(02)
Mensaje Y / 00:00:00:012 / cold(02) / out /      0.00000 para top(01)
Mensaje D / 00:00:00:012 / cold(02) / ... para top(01)
Mensaje Y / 00:00:00:012 / top(01) / cold /      0.00000 para Root(00)
Mensaje X / 00:00:00:012 / top(01) / transin /      0.00000 para heating(03)
Mensaje D / 00:00:00:012 / heating(03) / ... para top(01)
Mensaje D / 00:00:00:012 / top(01) / ... para Root(00)
Mensaje X / 00:00:00:020 / Root(00) / in /      0.00000 para top(01)
Mensaje X / 00:00:00:020 / top(01) / in /      0.00000 para cold(02)
Mensaje X / 00:00:00:020 / top(01) / in /      0.00000 para heating(03)
Mensaje X / 00:00:00:020 / top(01) / in /      0.00000 para boiling(04)
Mensaje X / 00:00:00:020 / top(01) / in /      0.00000 para cooling(05)
Mensaje D / 00:00:00:020 / cold(02) / ... para top(01)
Mensaje D / 00:00:00:020 / heating(03) / 00:00:00:002 para top(01)
Mensaje D / 00:00:00:020 / boiling(04) / ... para top(01)
Mensaje D / 00:00:00:020 / cooling(05) / ... para top(01)
Mensaje D / 00:00:00:020 / top(01) / 00:00:00:002 para Root(00)
Mensaje * / 00:00:00:022 / Root(00) para top(01)
Mensaje * / 00:00:00:022 / top(01) para heating(03)
Mensaje Y / 00:00:00:022 / heating(03) / out /      0.00000 para top(01)
Mensaje D / 00:00:00:022 / heating(03) / ... para top(01)
Mensaje Y / 00:00:00:022 / top(01) / heating /      0.00000 para Root(00)
Mensaje X / 00:00:00:022 / top(01) / transin /      0.00000 para heating(03)
Mensaje X / 00:00:00:022 / top(01) / transin /      0.00000 para boiling(04)
Mensaje X / 00:00:00:022 / top(01) / transin /      0.00000 para cooling(05)
Mensaje D / 00:00:00:022 / heating(03) / ... para top(01)
Mensaje D / 00:00:00:022 / boiling(04) / ... para top(01)
Mensaje D / 00:00:00:022 / cooling(05) / ... para top(01)
Mensaje D / 00:00:00:022 / top(01) / ... para Root(00)
Mensaje X / 00:00:00:030 / Root(00) / in /      0.00000 para top(01)
Mensaje X / 00:00:00:030 / top(01) / in /      0.00000 para cold(02)
Mensaje X / 00:00:00:030 / top(01) / in /      0.00000 para heating(03)
Mensaje X / 00:00:00:030 / top(01) / in /      0.00000 para boiling(04)
Mensaje X / 00:00:00:030 / top(01) / in /      0.00000 para cooling(05)
Mensaje D / 00:00:00:030 / cold(02) / ... para top(01)
Mensaje D / 00:00:00:030 / heating(03) / 00:00:00:002 para top(01)
Mensaje D / 00:00:00:030 / boiling(04) / ... para top(01)
Mensaje D / 00:00:00:030 / cooling(05) / ... para top(01)
Mensaje D / 00:00:00:030 / top(01) / 00:00:00:002 para Root(00)
Mensaje * / 00:00:00:032 / Root(00) para top(01)
Mensaje * / 00:00:00:032 / top(01) para heating(03)
Mensaje Y / 00:00:00:032 / heating(03) / out /      0.00000 para top(01)
Mensaje D / 00:00:00:032 / heating(03) / ... para top(01)
Mensaje Y / 00:00:00:032 / top(01) / heating /      0.00000 para Root(00)
Mensaje X / 00:00:00:032 / top(01) / transin /      0.00000 para heating(03)
Mensaje X / 00:00:00:032 / top(01) / transin /      0.00000 para boiling(04)
Mensaje X / 00:00:00:032 / top(01) / transin /      0.00000 para cooling(05)
Mensaje D / 00:00:00:032 / heating(03) / ... para top(01)
Mensaje D / 00:00:00:032 / boiling(04) / ... para top(01)
Mensaje D / 00:00:00:032 / cooling(05) / ... para top(01)
Mensaje D / 00:00:00:032 / top(01) / ... para Root(00)
Mensaje X / 00:00:00:040 / Root(00) / in /      2.00000 para top(01)
Mensaje X / 00:00:00:040 / top(01) / in /      2.00000 para cold(02)
Mensaje X / 00:00:00:040 / top(01) / in /      2.00000 para heating(03)
Mensaje X / 00:00:00:040 / top(01) / in /      2.00000 para boiling(04)
Mensaje X / 00:00:00:040 / top(01) / in /      2.00000 para cooling(05)
Mensaje D / 00:00:00:040 / cold(02) / ... para top(01)
Mensaje D / 00:00:00:040 / heating(03) / ... para top(01)
Mensaje D / 00:00:00:040 / boiling(04) / 00:00:00:002 para top(01)
Mensaje D / 00:00:00:040 / cooling(05) / ... para top(01)
Mensaje D / 00:00:00:040 / top(01) / 00:00:00:002 para Root(00)
Mensaje * / 00:00:00:042 / Root(00) para top(01)
Mensaje * / 00:00:00:042 / top(01) para boiling(04)
Mensaje Y / 00:00:00:042 / boiling(04) / out /      2.00000 para top(01)
Mensaje D / 00:00:00:042 / boiling(04) / ... para top(01)
Mensaje Y / 00:00:00:042 / top(01) / boiling /      2.00000 para Root(00)
Mensaje X / 00:00:00:042 / top(01) / transin /      2.00000 para boiling(04)
Mensaje X / 00:00:00:042 / top(01) / transin /      2.00000 para cooling(05)
Mensaje D / 00:00:00:042 / boiling(04) / ... para top(01)
Mensaje D / 00:00:00:042 / cooling(05) / ... para top(01)
Mensaje D / 00:00:00:042 / top(01) / ... para Root(00)
Mensaje X / 00:00:00:050 / Root(00) / in /      0.00000 para top(01)
Mensaje X / 00:00:00:050 / top(01) / in /      0.00000 para cold(02)
Mensaje X / 00:00:00:050 / top(01) / in /      0.00000 para heating(03)
Mensaje X / 00:00:00:050 / top(01) / in /      0.00000 para boiling(04)
Mensaje X / 00:00:00:050 / top(01) / in /      0.00000 para cooling(05)
Mensaje D / 00:00:00:050 / cold(02) / ... para top(01)
Mensaje D / 00:00:00:050 / heating(03) / ... para top(01)
Mensaje D / 00:00:00:050 / boiling(04) / 00:00:00:002 para top(01)
Mensaje D / 00:00:00:050 / cooling(05) / ... para top(01)
Mensaje D / 00:00:00:050 / top(01) / 00:00:00:002 para Root(00)
Mensaje * / 00:00:00:052 / Root(00) para top(01)
Mensaje * / 00:00:00:052 / top(01) para boiling(04)
Mensaje Y / 00:00:00:052 / boiling(04) / out /      0.00000 para top(01)
Mensaje D / 00:00:00:052 / boiling(04) / ... para top(01)
Mensaje Y / 00:00:00:052 / top(01) / boiling /      0.00000 para Root(00)
Mensaje X / 00:00:00:052 / top(01) / transin /      0.00000 para boiling(04)
Mensaje X / 00:00:00:052 / top(01) / transin /      0.00000 para cooling(05)
Mensaje D / 00:00:00:052 / boiling(04) / ... para top(01)
Mensaje D / 00:00:00:052 / cooling(05) / ... para top(01)
Mensaje D / 00:00:00:052 / top(01) / ... para Root(00)
Mensaje X / 00:00:00:060 / Root(00) / in /      1.00000 para top(01)
Mensaje X / 00:00:00:060 / top(01) / in /      1.00000 para cold(02)
Mensaje X / 00:00:00:060 / top(01) / in /      1.00000 para heating(03)
Mensaje X / 00:00:00:060 / top(01) / in /      1.00000 para boiling(04)
Mensaje X / 00:00:00:060 / top(01) / in /      1.00000 para cooling(05)
Mensaje D / 00:00:00:060 / cold(02) / ... para top(01)
Mensaje D / 00:00:00:060 / heating(03) / ... para top(01)
Mensaje D / 00:00:00:060 / boiling(04) / ... para top(01)
Mensaje D / 00:00:00:060 / cooling(05) / 00:00:00:002 para top(01)
Mensaje D / 00:00:00:060 / top(01) / 00:00:00:002 para Root(00)
Mensaje * / 00:00:00:062 / Root(00) para top(01)
Mensaje * / 00:00:00:062 / top(01) para cooling(05)
Mensaje Y / 00:00:00:062 / cooling(05) / out /      1.00000 para top(01)
Mensaje D / 00:00:00:062 / cooling(05) / ... para top(01)
Mensaje Y / 00:00:00:062 / top(01) / cooling /      1.00000 para Root(00)
Mensaje X / 00:00:00:062 / top(01) / transin /      1.00000 para cold(02)
Mensaje X / 00:00:00:062 / top(01) / transin /      1.00000 para heating(03)
Mensaje X / 00:00:00:062 / top(01) / transin /      1.00000 para cooling(05)
Mensaje D / 00:00:00:062 / cold(02) / ... para top(01)
Mensaje D / 00:00:00:062 / heating(03) / ... para top(01)
Mensaje D / 00:00:00:062 / cooling(05) / ... para top(01)
Mensaje D / 00:00:00:062 / top(01) / ... para Root(00)
Mensaje X / 00:00:00:070 / Root(00) / in /      1.00000 para top(01)
Mensaje X / 00:00:00:070 / top(01) / in /      1.00000 para cold(02)
Mensaje X / 00:00:00:070 / top(01) / in /      1.00000 para heating(03)
Mensaje X / 00:00:00:070 / top(01) / in /      1.00000 para boiling(04)
Mensaje X / 00:00:00:070 / top(01) / in /      1.00000 para cooling(05)
Mensaje D / 00:00:00:070 / cold(02) / ... para top(01)
Mensaje D / 00:00:00:070 / heating(03) / ... para top(01)
Mensaje D / 00:00:00:070 / boiling(04) / ... para top(01)
Mensaje D / 00:00:00:070 / cooling(05) / 00:00:00:002 para top(01)
Mensaje D / 00:00:00:070 / top(01) / 00:00:00:002 para Root(00)
Mensaje * / 00:00:00:072 / Root(00) para top(01)
Mensaje * / 00:00:00:072 / top(01) para cooling(05)
Mensaje Y / 00:00:00:072 / cooling(05) / out /      1.00000 para top(01)
Mensaje D / 00:00:00:072 / cooling(05) / ... para top(01)
Mensaje Y / 00:00:00:072 / top(01) / cooling /      1.00000 para Root(00)
Mensaje X / 00:00:00:072 / top(01) / transin /      1.00000 para cold(02)
Mensaje X / 00:00:00:072 / top(01) / transin /      1.00000 para heating(03)
Mensaje X / 00:00:00:072 / top(01) / transin /      1.00000 para cooling(05)
Mensaje D / 00:00:00:072 / cold(02) / ... para top(01)
Mensaje D / 00:00:00:072 / heating(03) / ... para top(01)
Mensaje D / 00:00:00:072 / cooling(05) / ... para top(01)
Mensaje D / 00:00:00:072 / top(01) / ... para Root(00)
Mensaje X / 00:00:00:080 / Root(00) / in /      3.00000 para top(01)
Mensaje X / 00:00:00:080 / top(01) / in /      3.00000 para cold(02)
Mensaje X / 00:00:00:080 / top(01) / in /      3.00000 para heating(03)
Mensaje X / 00:00:00:080 / top(01) / in /      3.00000 para boiling(04)
Mensaje X / 00:00:00:080 / top(01) / in /      3.00000 para cooling(05)
Mensaje D / 00:00:00:080 / cold(02) / 00:00:00:002 para top(01)
Mensaje D / 00:00:00:080 / heating(03) / ... para top(01)
Mensaje D / 00:00:00:080 / boiling(04) / ... para top(01)
Mensaje D / 00:00:00:080 / cooling(05) / ... para top(01)
Mensaje D / 00:00:00:080 / top(01) / 00:00:00:002 para Root(00)
Mensaje * / 00:00:00:082 / Root(00) para top(01)
Mensaje * / 00:00:00:082 / top(01) para cold(02)
Mensaje Y / 00:00:00:082 / cold(02) / out /      3.00000 para top(01)
Mensaje D / 00:00:00:082 / cold(02) / ... para top(01)
Mensaje Y / 00:00:00:082 / top(01) / cold /      3.00000 para Root(00)
Mensaje X / 00:00:00:082 / top(01) / transin /      3.00000 para heating(03)
Mensaje D / 00:00:00:082 / heating(03) / ... para top(01)
Mensaje D / 00:00:00:082 / top(01) / ... para Root(00)
Mensaje X / 00:00:00:090 / Root(00) / in /      0.00000 para top(01)
Mensaje X / 00:00:00:090 / top(01) / in /      0.00000 para cold(02)
Mensaje X / 00:00:00:090 / top(01) / in /      0.00000 para heating(03)
Mensaje X / 00:00:00:090 / top(01) / in /      0.00000 para boiling(04)
Mensaje X / 00:00:00:090 / top(01) / in /      0.00000 para cooling(05)
Mensaje D / 00:00:00:090 / cold(02) / ... para top(01)
Mensaje D / 00:00:00:090 / heating(03) / 00:00:00:002 para top(01)
Mensaje D / 00:00:00:090 / boiling(04) / ... para top(01)
Mensaje D / 00:00:00:090 / cooling(05) / ... para top(01)
Mensaje D / 00:00:00:090 / top(01) / 00:00:00:002 para Root(00)
Mensaje * / 00:00:00:092 / Root(00) para top(01)
Mensaje * / 00:00:00:092 / top(01) para heating(03)
Mensaje Y / 00:00:00:092 / heating(03) / out /      0.00000 para top(01)
Mensaje D / 00:00:00:092 / heating(03) / ... para top(01)
Mensaje Y / 00:00:00:092 / top(01) / heating /      0.00000 para Root(00)
Mensaje X / 00:00:00:092 / top(01) / transin /      0.00000 para heating(03)
Mensaje X / 00:00:00:092 / top(01) / transin /      0.00000 para boiling(04)
Mensaje X / 00:00:00:092 / top(01) / transin /      0.00000 para cooling(05)
Mensaje D / 00:00:00:092 / heating(03) / ... para top(01)
Mensaje D / 00:00:00:092 / boiling(04) / ... para top(01)
Mensaje D / 00:00:00:092 / cooling(05) / ... para top(01)
Mensaje D / 00:00:00:092 / top(01) / ... para Root(00)
Mensaje X / 00:00:00:100 / Root(00) / in /      1.00000 para top(01)
Mensaje X / 00:00:00:100 / top(01) / in /      1.00000 para cold(02)
Mensaje X / 00:00:00:100 / top(01) / in /      1.00000 para heating(03)
Mensaje X / 00:00:00:100 / top(01) / in /      1.00000 para boiling(04)
Mensaje X / 00:00:00:100 / top(01) / in /      1.00000 para cooling(05)
Mensaje D / 00:00:00:100 / cold(02) / ... para top(01)
Mensaje D / 00:00:00:100 / heating(03) / ... para top(01)
Mensaje D / 00:00:00:100 / boiling(04) / ... para top(01)
Mensaje D / 00:00:00:100 / cooling(05) / 00:00:00:002 para top(01)
Mensaje D / 00:00:00:100 / top(01) / 00:00:00:002 para Root(00)
Mensaje * / 00:00:00:102 / Root(00) para top(01)
Mensaje * / 00:00:00:102 / top(01) para cooling(05)
Mensaje Y / 00:00:00:102 / cooling(05) / out /      1.00000 para top(01)
Mensaje D / 00:00:00:102 / cooling(05) / ... para top(01)
Mensaje Y / 00:00:00:102 / top(01) / cooling /      1.00000 para Root(00)
Mensaje X / 00:00:00:102 / top(01) / transin /      1.00000 para cold(02)
Mensaje X / 00:00:00:102 / top(01) / transin /      1.00000 para heating(03)
Mensaje X / 00:00:00:102 / top(01) / transin /      1.00000 para cooling(05)
Mensaje D / 00:00:00:102 / cold(02) / ... para top(01)
Mensaje D / 00:00:00:102 / heating(03) / ... para top(01)
Mensaje D / 00:00:00:102 / cooling(05) / ... para top(01)
Mensaje D / 00:00:00:102 / top(01) / ... para Root(00)
Mensaje X / 00:00:00:110 / Root(00) / in /      3.00000 para top(01)
Mensaje X / 00:00:00:110 / top(01) / in /      3.00000 para cold(02)
Mensaje X / 00:00:00:110 / top(01) / in /      3.00000 para heating(03)
Mensaje X / 00:00:00:110 / top(01) / in /      3.00000 para boiling(04)
Mensaje X / 00:00:00:110 / top(01) / in /      3.00000 para cooling(05)
Mensaje D / 00:00:00:110 / cold(02) / 00:00:00:002 para top(01)
Mensaje D / 00:00:00:110 / heating(03) / ... para top(01)
Mensaje D / 00:00:00:110 / boiling(04) / ... para top(01)
Mensaje D / 00:00:00:110 / cooling(05) / ... para top(01)
Mensaje D / 00:00:00:110 / top(01) / 00:00:00:002 para Root(00)
Mensaje * / 00:00:00:112 / Root(00) para top(01)
Mensaje * / 00:00:00:112 / top(01) para cold(02)
Mensaje Y / 00:00:00:112 / cold(02) / out /      3.00000 para top(01)
Mensaje D / 00:00:00:112 / cold(02) / ... para top(01)
Mensaje Y / 00:00:00:112 / top(01) / cold /      3.00000 para Root(00)
Mensaje X / 00:00:00:112 / top(01) / transin /      3.00000 para heating(03)
Mensaje D / 00:00:00:112 / heating(03) / ... para top(01)
Mensaje D / 00:00:00:112 / top(01) / ... para Root(00)
Mensaje X / 00:00:00:120 / Root(00) / in /      0.00000 para top(01)
Mensaje X / 00:00:00:120 / top(01) / in /      0.00000 para cold(02)
Mensaje X / 00:00:00:120 / top(01) / in /      0.00000 para heating(03)
Mensaje X / 00:00:00:120 / top(01) / in /      0.00000 para boiling(04)
Mensaje X / 00:00:00:120 / top(01) / in /      0.00000 para cooling(05)
Mensaje D / 00:00:00:120 / cold(02) / ... para top(01)
Mensaje D / 00:00:00:120 / heating(03) / 00:00:00:002 para top(01)
Mensaje D / 00:00:00:120 / boiling(04) / ... para top(01)
Mensaje D / 00:00:00:120 / cooling(05) / ... para top(01)
Mensaje D / 00:00:00:120 / top(01) / 00:00:00:002 para Root(00)
Mensaje * / 00:00:00:122 / Root(00) para top(01)
Mensaje * / 00:00:00:122 / top(01) para heating(03)
Mensaje Y / 00:00:00:122 / heating(03) / out /      0.00000 para top(01)
Mensaje D / 00:00:00:122 / heating(03) / ... para top(01)
Mensaje Y / 00:00:00:122 / top(01) / heating /      0.00000 para Root(00)
Mensaje X / 00:00:00:122 / top(01) / transin /      0.00000 para heating(03)
Mensaje X / 00:00:00:122 / top(01) / transin /      0.00000 para boiling(04)
Mensaje X / 00:00:00:122 / top(01) / transin /      0.00000 para cooling(05)
Mensaje D / 00:00:00:122 / heating(03) / ... para top(01)
Mensaje D / 00:00:00:122 / boiling(04) / ... para top(01)
Mensaje D / 00:00:00:122 / cooling(05) / ... para top(01)
Mensaje D / 00:00:00:122 / top(01) / ... para Root(00)
Mensaje X / 00:00:00:130 / Root(00) / in /      1.00000 para top(01)
Mensaje X / 00:00:00:130 / top(01) / in /      1.00000 para cold(02)
Mensaje X / 00:00:00:130 / top(01) / in /      1.00000 para heating(03)
Mensaje X / 00:00:00:130 / top(01) / in /      1.00000 para boiling(04)
Mensaje X / 00:00:00:130 / top(01) / in /      1.00000 para cooling(05)
Mensaje D / 00:00:00:130 / cold(02) / ... para top(01)
Mensaje D / 00:00:00:130 / heating(03) / ... para top(01)
Mensaje D / 00:00:00:130 / boiling(04) / ... para top(01)
Mensaje D / 00:00:00:130 / cooling(05) / 00:00:00:002 para top(01)
Mensaje D / 00:00:00:130 / top(01) / 00:00:00:002 para Root(00)
Mensaje * / 00:00:00:132 / Root(00) para top(01)
Mensaje * / 00:00:00:132 / top(01) para cooling(05)
Mensaje Y / 00:00:00:132 / cooling(05) / out /      1.00000 para top(01)
Mensaje D / 00:00:00:132 / cooling(05) / ... para top(01)
Mensaje Y / 00:00:00:132 / top(01) / cooling /      1.00000 para Root(00)
Mensaje X / 00:00:00:132 / top(01) / transin /      1.00000 para cold(02)
Mensaje X / 00:00:00:132 / top(01) / transin /      1.00000 para heating(03)
Mensaje X / 00:00:00:132 / top(01) / transin /      1.00000 para cooling(05)
Mensaje D / 00:00:00:132 / cold(02) / ... para top(01)
Mensaje D / 00:00:00:132 / heating(03) / ... para top(01)
Mensaje D / 00:00:00:132 / cooling(05) / ... para top(01)
Mensaje D / 00:00:00:132 / top(01) / ... para Root(00)
Mensaje X / 00:00:00:140 / Root(00) / in /      3.00000 para top(01)
Mensaje X / 00:00:00:140 / top(01) / in /      3.00000 para cold(02)
Mensaje X / 00:00:00:140 / top(01) / in /      3.00000 para heating(03)
Mensaje X / 00:00:00:140 / top(01) / in /      3.00000 para boiling(04)
Mensaje X / 00:00:00:140 / top(01) / in /      3.00000 para cooling(05)
Mensaje D / 00:00:00:140 / cold(02) / 00:00:00:002 para top(01)
Mensaje D / 00:00:00:140 / heating(03) / ... para top(01)
Mensaje D / 00:00:00:140 / boiling(04) / ... para top(01)
Mensaje D / 00:00:00:140 / cooling(05) / ... para top(01)
Mensaje D / 00:00:00:140 / top(01) / 00:00:00:002 para Root(00)
Mensaje * / 00:00:00:142 / Root(00) para top(01)
Mensaje * / 00:00:00:142 / top(01) para cold(02)
Mensaje Y / 00:00:00:142 / cold(02) / out /      3.00000 para top(01)
Mensaje D / 00:00:00:142 / cold(02) / ... para top(01)
Mensaje Y / 00:00:00:142 / top(01) / cold /      3.00000 para Root(00)
Mensaje X / 00:00:00:142 / top(01) / transin /      3.00000 para heating(03)
Mensaje D / 00:00:00:142 / heating(03) / ... para top(01)
Mensaje D / 00:00:00:142 / top(01) / ... para Root(00)
