Mensaje I / 00:00:00:000 / Root(00) para top(01)
Mensaje I / 00:00:00:000 / top(01) para even(02)
Mensaje I / 00:00:00:000 / top(01) para odd(03)
Mensaje D / 00:00:00:000 / even(02) / ... para top(01)
Mensaje D / 00:00:00:000 / odd(03) / ... para top(01)
Mensaje D / 00:00:00:000 / top(01) / ... para Root(00)
Mensaje X / 00:00:00:010 / Root(00) / in /      0.00000 para top(01)
Mensaje X / 00:00:00:010 / top(01) / in /      0.00000 para even(02)
Mensaje X / 00:00:00:010 / top(01) / in /      0.00000 para odd(03)
Mensaje D / 00:00:00:010 / even(02) / 00:00:00:002 para top(01)
Mensaje D / 00:00:00:010 / odd(03) / ... para top(01)
Mensaje D / 00:00:00:010 / top(01) / 00:00:00:002 para Root(00)
Mensaje * / 00:00:00:012 / Root(00) para top(01)
Mensaje * / 00:00:00:012 / top(01) para even(02)
Mensaje Y / 00:00:00:012 / even(02) / out /      0.00000 para top(01)
Mensaje D / 00:00:00:012 / even(02) / ... para top(01)
Mensaje Y / 00:00:00:012 / top(01) / evenst /      0.00000 para Root(00)
Mensaje X / 00:00:00:012 / top(01) / transin /      0.00000 para even(02)
Mensaje X / 00:00:00:012 / top(01) / transin /      0.00000 para odd(03)
Mensaje D / 00:00:00:012 / even(02) / ... para top(01)
Mensaje D / 00:00:00:012 / odd(03) / ... para top(01)
Mensaje D / 00:00:00:012 / top(01) / ... para Root(00)
Mensaje X / 00:00:00:020 / Root(00) / in /      0.00000 para top(01)
Mensaje X / 00:00:00:020 / top(01) / in /      0.00000 para even(02)
Mensaje X / 00:00:00:020 / top(01) / in /      0.00000 para odd(03)
Mensaje D / 00:00:00:020 / even(02) / 00:00:00:002 para top(01)
Mensaje D / 00:00:00:020 / odd(03) / ... para top(01)
Mensaje D / 00:00:00:020 / top(01) / 00:00:00:002 para Root(00)
Mensaje * / 00:00:00:022 / Root(00) para top(01)
Mensaje * / 00:00:00:022 / top(01) para even(02)
Mensaje Y / 00:00:00:022 / even(02) / out /      0.00000 para top(01)
Mensaje D / 00:00:00:022 / even(02) / ... para top(01)
Mensaje Y / 00:00:00:022 / top(01) / evenst /      0.00000 para Root(00)
Mensaje X / 00:00:00:022 / top(01) / transin /      0.00000 para even(02)
Mensaje X / 00:00:00:022 / top(01) / transin /      0.00000 para odd(03)
Mensaje D / 00:00:00:022 / even(02) / ... para top(01)
Mensaje D / 00:00:00:022 / odd(03) / ... para top(01)
Mensaje D / 00:00:00:022 / top(01) / ... para Root(00)
Mensaje X / 00:00:00:030 / Root(00) / in /      1.00000 para top(01)
Mensaje X / 00:00:00:030 / top(01) / in /      1.00000 para even(02)
Mensaje X / 00:00:00:030 / top(01) / in /      1.00000 para odd(03)
Mensaje D / 00:00:00:030 / even(02) / ... para top(01)
Mensaje D / 00:00:00:030 / odd(03) / 00:00:00:002 para top(01)
Mensaje D / 00:00:00:030 / top(01) / 00:00:00:002 para Root(00)
Mensaje * / 00:00:00:032 / Root(00) para top(01)
Mensaje * / 00:00:00:032 / top(01) para odd(03)
Mensaje Y / 00:00:00:032 / odd(03) / out /      1.00000 para top(01)
Mensaje D / 00:00:00:032 / odd(03) / ... para top(01)
Mensaje Y / 00:00:00:032 / top(01) / oddst /      1.00000 para Root(00)
Mensaje X / 00:00:00:032 / top(01) / transin /      1.00000 para even(02)
Mensaje X / 00:00:00:032 / top(01) / transin /      1.00000 para odd(03)
Mensaje D / 00:00:00:032 / even(02) / ... para top(01)
Mensaje D / 00:00:00:032 / odd(03) / ... para top(01)
Mensaje D / 00:00:00:032 / top(01) / ... para Root(00)
Mensaje X / 00:00:00:040 / Root(00) / in /      1.00000 para top(01)
Mensaje X / 00:00:00:040 / top(01) / in /      1.00000 para even(02)
Mensaje X / 00:00:00:040 / top(01) / in /      1.00000 para odd(03)
Mensaje D / 00:00:00:040 / even(02) / 00:00:00:002 para top(01)
Mensaje D / 00:00:00:040 / odd(03) / ... para top(01)
Mensaje D / 00:00:00:040 / top(01) / 00:00:00:002 para Root(00)
Mensaje * / 00:00:00:042 / Root(00) para top(01)
Mensaje * / 00:00:00:042 / top(01) para even(02)
Mensaje Y / 00:00:00:042 / even(02) / out /      1.00000 para top(01)
Mensaje D / 00:00:00:042 / even(02) / ... para top(01)
Mensaje Y / 00:00:00:042 / top(01) / evenst /      1.00000 para Root(00)
Mensaje X / 00:00:00:042 / top(01) / transin /      1.00000 para even(02)
Mensaje X / 00:00:00:042 / top(01) / transin /      1.00000 para odd(03)
Mensaje D / 00:00:00:042 / even(02) / ... para top(01)
Mensaje D / 00:00:00:042 / odd(03) / ... para top(01)
Mensaje D / 00:00:00:042 / top(01) / ... para Root(00)
Mensaje X / 00:00:00:050 / Root(00) / in /      0.00000 para top(01)
Mensaje X / 00:00:00:050 / top(01) / in /      0.00000 para even(02)
Mensaje X / 00:00:00:050 / top(01) / in /      0.00000 para odd(03)
Mensaje D / 00:00:00:050 / even(02) / 00:00:00:002 para top(01)
Mensaje D / 00:00:00:050 / odd(03) / ... para top(01)
Mensaje D / 00:00:00:050 / top(01) / 00:00:00:002 para Root(00)
Mensaje * / 00:00:00:052 / Root(00) para top(01)
Mensaje * / 00:00:00:052 / top(01) para even(02)
Mensaje Y / 00:00:00:052 / even(02) / out /      0.00000 para top(01)
Mensaje D / 00:00:00:052 / even(02) / ... para top(01)
Mensaje Y / 00:00:00:052 / top(01) / evenst /      0.00000 para Root(00)
Mensaje X / 00:00:00:052 / top(01) / transin /      0.00000 para even(02)
Mensaje X / 00:00:00:052 / top(01) / transin /      0.00000 para odd(03)
Mensaje D / 00:00:00:052 / even(02) / ... para top(01)
Mensaje D / 00:00:00:052 / odd(03) / ... para top(01)
Mensaje D / 00:00:00:052 / top(01) / ... para Root(00)
Mensaje X / 00:00:00:060 / Root(00) / in /      1.00000 para top(01)
Mensaje X / 00:00:00:060 / top(01) / in /      1.00000 para even(02)
Mensaje X / 00:00:00:060 / top(01) / in /      1.00000 para odd(03)
Mensaje D / 00:00:00:060 / even(02) / ... para top(01)
Mensaje D / 00:00:00:060 / odd(03) / 00:00:00:002 para top(01)
Mensaje D / 00:00:00:060 / top(01) / 00:00:00:002 para Root(00)
Mensaje * / 00:00:00:062 / Root(00) para top(01)
Mensaje * / 00:00:00:062 / top(01) para odd(03)
Mensaje Y / 00:00:00:062 / odd(03) / out /      1.00000 para top(01)
Mensaje D / 00:00:00:062 / odd(03) / ... para top(01)
Mensaje Y / 00:00:00:062 / top(01) / oddst /      1.00000 para Root(00)
Mensaje X / 00:00:00:062 / top(01) / transin /      1.00000 para even(02)
Mensaje X / 00:00:00:062 / top(01) / transin /      1.00000 para odd(03)
Mensaje D / 00:00:00:062 / even(02) / ... para top(01)
Mensaje D / 00:00:00:062 / odd(03) / ... para top(01)
Mensaje D / 00:00:00:062 / top(01) / ... para Root(00)
Mensaje X / 00:00:00:070 / Root(00) / in /      0.00000 para top(01)
Mensaje X / 00:00:00:070 / top(01) / in /      0.00000 para even(02)
Mensaje X / 00:00:00:070 / top(01) / in /      0.00000 para odd(03)
Mensaje D / 00:00:00:070 / even(02) / ... para top(01)
Mensaje D / 00:00:00:070 / odd(03) / 00:00:00:002 para top(01)
Mensaje D / 00:00:00:070 / top(01) / 00:00:00:002 para Root(00)
Mensaje * / 00:00:00:072 / Root(00) para top(01)
Mensaje * / 00:00:00:072 / top(01) para odd(03)
Mensaje Y / 00:00:00:072 / odd(03) / out /      0.00000 para top(01)
Mensaje D / 00:00:00:072 / odd(03) / ... para top(01)
Mensaje Y / 00:00:00:072 / top(01) / oddst /      0.00000 para Root(00)
Mensaje X / 00:00:00:072 / top(01) / transin /      0.00000 para even(02)
Mensaje X / 00:00:00:072 / top(01) / transin /      0.00000 para odd(03)
Mensaje D / 00:00:00:072 / even(02) / ... para top(01)
Mensaje D / 00:00:00:072 / odd(03) / ... para top(01)
Mensaje D / 00:00:00:072 / top(01) / ... para Root(00)
Mensaje X / 00:00:00:080 / Root(00) / in /      1.00000 para top(01)
Mensaje X / 00:00:00:080 / top(01) / in /      1.00000 para even(02)
Mensaje X / 00:00:00:080 / top(01) / in /      1.00000 para odd(03)
Mensaje D / 00:00:00:080 / even(02) / 00:00:00:002 para top(01)
Mensaje D / 00:00:00:080 / odd(03) / ... para top(01)
Mensaje D / 00:00:00:080 / top(01) / 00:00:00:002 para Root(00)
Mensaje * / 00:00:00:082 / Root(00) para top(01)
Mensaje * / 00:00:00:082 / top(01) para even(02)
Mensaje Y / 00:00:00:082 / even(02) / out /      1.00000 para top(01)
Mensaje D / 00:00:00:082 / even(02) / ... para top(01)
Mensaje Y / 00:00:00:082 / top(01) / evenst /      1.00000 para Root(00)
Mensaje X / 00:00:00:082 / top(01) / transin /      1.00000 para even(02)
Mensaje X / 00:00:00:082 / top(01) / transin /      1.00000 para odd(03)
Mensaje D / 00:00:00:082 / even(02) / ... para top(01)
Mensaje D / 00:00:00:082 / odd(03) / ... para top(01)
Mensaje D / 00:00:00:082 / top(01) / ... para Root(00)
Mensaje X / 00:00:00:090 / Root(00) / in /      1.00000 para top(01)
Mensaje X / 00:00:00:090 / top(01) / in /      1.00000 para even(02)
Mensaje X / 00:00:00:090 / top(01) / in /      1.00000 para odd(03)
Mensaje D / 00:00:00:090 / even(02) / ... para top(01)
Mensaje D / 00:00:00:090 / odd(03) / 00:00:00:002 para top(01)
Mensaje D / 00:00:00:090 / top(01) / 00:00:00:002 para Root(00)
Mensaje * / 00:00:00:092 / Root(00) para top(01)
Mensaje * / 00:00:00:092 / top(01) para odd(03)
Mensaje Y / 00:00:00:092 / odd(03) / out /      1.00000 para top(01)
Mensaje D / 00:00:00:092 / odd(03) / ... para top(01)
Mensaje Y / 00:00:00:092 / top(01) / oddst /      1.00000 para Root(00)
Mensaje X / 00:00:00:092 / top(01) / transin /      1.00000 para even(02)
Mensaje X / 00:00:00:092 / top(01) / transin /      1.00000 para odd(03)
Mensaje D / 00:00:00:092 / even(02) / ... para top(01)
Mensaje D / 00:00:00:092 / odd(03) / ... para top(01)
Mensaje D / 00:00:00:092 / top(01) / ... para Root(00)
Mensaje X / 00:00:00:100 / Root(00) / in /      0.00000 para top(01)
Mensaje X / 00:00:00:100 / top(01) / in /      0.00000 para even(02)
Mensaje X / 00:00:00:100 / top(01) / in /      0.00000 para odd(03)
Mensaje D / 00:00:00:100 / even(02) / ... para top(01)
Mensaje D / 00:00:00:100 / odd(03) / 00:00:00:002 para top(01)
Mensaje D / 00:00:00:100 / top(01) / 00:00:00:002 para Root(00)
Mensaje * / 00:00:00:102 / Root(00) para top(01)
Mensaje * / 00:00:00:102 / top(01) para odd(03)
Mensaje Y / 00:00:00:102 / odd(03) / out /      0.00000 para top(01)
Mensaje D / 00:00:00:102 / odd(03) / ... para top(01)
Mensaje Y / 00:00:00:102 / top(01) / oddst /      0.00000 para Root(00)
Mensaje X / 00:00:00:102 / top(01) / transin /      0.00000 para even(02)
Mensaje X / 00:00:00:102 / top(01) / transin /      0.00000 para odd(03)
Mensaje D / 00:00:00:102 / even(02) / ... para top(01)
Mensaje D / 00:00:00:102 / odd(03) / ... para top(01)
Mensaje D / 00:00:00:102 / top(01) / ... para Root(00)
Mensaje X / 00:00:00:110 / Root(00) / in /      1.00000 para top(01)
Mensaje X / 00:00:00:110 / top(01) / in /      1.00000 para even(02)
Mensaje X / 00:00:00:110 / top(01) / in /      1.00000 para odd(03)
Mensaje D / 00:00:00:110 / even(02) / 00:00:00:002 para top(01)
Mensaje D / 00:00:00:110 / odd(03) / ... para top(01)
Mensaje D / 00:00:00:110 / top(01) / 00:00:00:002 para Root(00)
Mensaje * / 00:00:00:112 / Root(00) para top(01)
Mensaje * / 00:00:00:112 / top(01) para even(02)
Mensaje Y / 00:00:00:112 / even(02) / out /      1.00000 para top(01)
Mensaje D / 00:00:00:112 / even(02) / ... para top(01)
Mensaje Y / 00:00:00:112 / top(01) / evenst /      1.00000 para Root(00)
Mensaje X / 00:00:00:112 / top(01) / transin /      1.00000 para even(02)
Mensaje X / 00:00:00:112 / top(01) / transin /      1.00000 para odd(03)
Mensaje D / 00:00:00:112 / even(02) / ... para top(01)
Mensaje D / 00:00:00:112 / odd(03) / ... para top(01)
Mensaje D / 00:00:00:112 / top(01) / ... para Root(00)
Mensaje X / 00:00:00:120 / Root(00) / in /      1.00000 para top(01)
Mensaje X / 00:00:00:120 / top(01) / in /      1.00000 para even(02)
Mensaje X / 00:00:00:120 / top(01) / in /      1.00000 para odd(03)
Mensaje D / 00:00:00:120 / even(02) / ... para top(01)
Mensaje D / 00:00:00:120 / odd(03) / 00:00:00:002 para top(01)
Mensaje D / 00:00:00:120 / top(01) / 00:00:00:002 para Root(00)
Mensaje * / 00:00:00:122 / Root(00) para top(01)
Mensaje * / 00:00:00:122 / top(01) para odd(03)
Mensaje Y / 00:00:00:122 / odd(03) / out /      1.00000 para top(01)
Mensaje D / 00:00:00:122 / odd(03) / ... para top(01)
Mensaje Y / 00:00:00:122 / top(01) / oddst /      1.00000 para Root(00)
Mensaje X / 00:00:00:122 / top(01) / transin /      1.00000 para even(02)
Mensaje X / 00:00:00:122 / top(01) / transin /      1.00000 para odd(03)
Mensaje D / 00:00:00:122 / even(02) / ... para top(01)
Mensaje D / 00:00:00:122 / odd(03) / ... para top(01)
Mensaje D / 00:00:00:122 / top(01) / ... para Root(00)
Mensaje X / 00:00:00:130 / Root(00) / in /      0.00000 para top(01)
Mensaje X / 00:00:00:130 / top(01) / in /      0.00000 para even(02)
Mensaje X / 00:00:00:130 / top(01) / in /      0.00000 para odd(03)
Mensaje D / 00:00:00:130 / even(02) / ... para top(01)
Mensaje D / 00:00:00:130 / odd(03) / 00:00:00:002 para top(01)
Mensaje D / 00:00:00:130 / top(01) / 00:00:00:002 para Root(00)
Mensaje * / 00:00:00:132 / Root(00) para top(01)
Mensaje * / 00:00:00:132 / top(01) para odd(03)
Mensaje Y / 00:00:00:132 / odd(03) / out /      0.00000 para top(01)
Mensaje D / 00:00:00:132 / odd(03) / ... para top(01)
Mensaje Y / 00:00:00:132 / top(01) / oddst /      0.00000 para Root(00)
Mensaje X / 00:00:00:132 / top(01) / transin /      0.00000 para even(02)
Mensaje X / 00:00:00:132 / top(01) / transin /      0.00000 para odd(03)
Mensaje D / 00:00:00:132 / even(02) / ... para top(01)
Mensaje D / 00:00:00:132 / odd(03) / ... para top(01)
Mensaje D / 00:00:00:132 / top(01) / ... para Root(00)
Mensaje X / 00:00:00:140 / Root(00) / in /      0.00000 para top(01)
Mensaje X / 00:00:00:140 / top(01) / in /      0.00000 para even(02)
Mensaje X / 00:00:00:140 / top(01) / in /      0.00000 para odd(03)
Mensaje D / 00:00:00:140 / even(02) / ... para top(01)
Mensaje D / 00:00:00:140 / odd(03) / 00:00:00:002 para top(01)
Mensaje D / 00:00:00:140 / top(01) / 00:00:00:002 para Root(00)
Mensaje * / 00:00:00:142 / Root(00) para top(01)
Mensaje * / 00:00:00:142 / top(01) para odd(03)
Mensaje Y / 00:00:00:142 / odd(03) / out /      0.00000 para top(01)
Mensaje D / 00:00:00:142 / odd(03) / ... para top(01)
Mensaje Y / 00:00:00:142 / top(01) / oddst /      0.00000 para Root(00)
Mensaje X / 00:00:00:142 / top(01) / transin /      0.00000 para even(02)
Mensaje X / 00:00:00:142 / top(01) / transin /      0.00000 para odd(03)
Mensaje D / 00:00:00:142 / even(02) / ... para top(01)
Mensaje D / 00:00:00:142 / odd(03) / ... para top(01)
Mensaje D / 00:00:00:142 / top(01) / ... para Root(00)
Mensaje X / 00:00:00:150 / Root(00) / in /      1.00000 para top(01)
Mensaje X / 00:00:00:150 / top(01) / in /      1.00000 para even(02)
Mensaje X / 00:00:00:150 / top(01) / in /      1.00000 para odd(03)
Mensaje D / 00:00:00:150 / even(02) / 00:00:00:002 para top(01)
Mensaje D / 00:00:00:150 / odd(03) / ... para top(01)
Mensaje D / 00:00:00:150 / top(01) / 00:00:00:002 para Root(00)
Mensaje * / 00:00:00:152 / Root(00) para top(01)
Mensaje * / 00:00:00:152 / top(01) para even(02)
Mensaje Y / 00:00:00:152 / even(02) / out /      1.00000 para top(01)
Mensaje D / 00:00:00:152 / even(02) / ... para top(01)
Mensaje Y / 00:00:00:152 / top(01) / evenst /      1.00000 para Root(00)
Mensaje X / 00:00:00:152 / top(01) / transin /      1.00000 para even(02)
Mensaje X / 00:00:00:152 / top(01) / transin /      1.00000 para odd(03)
Mensaje D / 00:00:00:152 / even(02) / ... para top(01)
Mensaje D / 00:00:00:152 / odd(03) / ... para top(01)
Mensaje D / 00:00:00:152 / top(01) / ... para Root(00)
