Mensaje I / 00:00:00:000 / Root(00) para top(01)
Mensaje I / 00:00:00:000 / top(01) para s0(02)
Mensaje I / 00:00:00:000 / top(01) para s1(03)
Mensaje I / 00:00:00:000 / top(01) para s2(04)
Mensaje D / 00:00:00:000 / s0(02) / ... para top(01)
Mensaje D / 00:00:00:000 / s1(03) / ... para top(01)
Mensaje D / 00:00:00:000 / s2(04) / ... para top(01)
Mensaje D / 00:00:00:000 / top(01) / ... para Root(00)
Mensaje X / 00:00:00:010 / Root(00) / in /      0.00000 para top(01)
Mensaje X / 00:00:00:010 / top(01) / in /      0.00000 para s0(02)
Mensaje X / 00:00:00:010 / top(01) / in /      0.00000 para s1(03)
Mensaje X / 00:00:00:010 / top(01) / in /      0.00000 para s2(04)
Mensaje D / 00:00:00:010 / s0(02) / 00:00:00:002 para top(01)
Mensaje D / 00:00:00:010 / s1(03) / ... para top(01)
Mensaje D / 00:00:00:010 / s2(04) / ... para top(01)
Mensaje D / 00:00:00:010 / top(01) / 00:00:00:002 para Root(00)
Mensaje * / 00:00:00:012 / Root(00) para top(01)
Mensaje * / 00:00:00:012 / top(01) para s0(02)
Mensaje Y / 00:00:00:012 / s0(02) / out /      0.00000 para top(01)
Mensaje D / 00:00:00:012 / s0(02) / ... para top(01)
Mensaje Y / 00:00:00:012 / top(01) / s0 /      0.00000 para Root(00)
Mensaje X / 00:00:00:012 / top(01) / transin /      0.00000 para s0(02)
Mensaje X / 00:00:00:012 / top(01) / transin /      0.00000 para s1(03)
Mensaje D / 00:00:00:012 / s0(02) / ... para top(01)
Mensaje D / 00:00:00:012 / s1(03) / ... para top(01)
Mensaje D / 00:00:00:012 / top(01) / ... para Root(00)
Mensaje X / 00:00:00:020 / Root(00) / in /      1.00000 para top(01)
Mensaje X / 00:00:00:020 / top(01) / in /      1.00000 para s0(02)
Mensaje X / 00:00:00:020 / top(01) / in /      1.00000 para s1(03)
Mensaje X / 00:00:00:020 / top(01) / in /      1.00000 para s2(04)
Mensaje D / 00:00:00:020 / s0(02) / ... para top(01)
Mensaje D / 00:00:00:020 / s1(03) / 00:00:00:002 para top(01)
Mensaje D / 00:00:00:020 / s2(04) / ... para top(01)
Mensaje D / 00:00:00:020 / top(01) / 00:00:00:002 para Root(00)
Mensaje * / 00:00:00:022 / Root(00) para top(01)
Mensaje * / 00:00:00:022 / top(01) para s1(03)
Mensaje Y / 00:00:00:022 / s1(03) / out /      1.00000 para top(01)
Mensaje D / 00:00:00:022 / s1(03) / ... para top(01)
Mensaje Y / 00:00:00:022 / top(01) / s1 /      1.00000 para Root(00)
Mensaje X / 00:00:00:022 / top(01) / transin /      1.00000 para s0(02)
Mensaje X / 00:00:00:022 / top(01) / transin /      1.00000 para s2(04)
Mensaje D / 00:00:00:022 / s0(02) / ... para top(01)
Mensaje D / 00:00:00:022 / s2(04) / ... para top(01)
Mensaje D / 00:00:00:022 / top(01) / ... para Root(00)
Mensaje X / 00:00:00:030 / Root(00) / in /      1.00000 para top(01)
Mensaje X / 00:00:00:030 / top(01) / in /      1.00000 para s0(02)
Mensaje X / 00:00:00:030 / top(01) / in /      1.00000 para s1(03)
Mensaje X / 00:00:00:030 / top(01) / in /      1.00000 para s2(04)
Mensaje D / 00:00:00:030 / s0(02) / ... para top(01)
Mensaje D / 00:00:00:030 / s1(03) / ... para top(01)
Mensaje D / 00:00:00:030 / s2(04) / 00:00:00:002 para top(01)
Mensaje D / 00:00:00:030 / top(01) / 00:00:00:002 para Root(00)
Mensaje * / 00:00:00:032 / Root(00) para top(01)
Mensaje * / 00:00:00:032 / top(01) para s2(04)
Mensaje Y / 00:00:00:032 / s2(04) / out /      1.00000 para top(01)
Mensaje D / 00:00:00:032 / s2(04) / ... para top(01)
Mensaje Y / 00:00:00:032 / top(01) / s2 /      1.00000 para Root(00)
Mensaje X / 00:00:00:032 / top(01) / transin /      1.00000 para s0(02)
Mensaje X / 00:00:00:032 / top(01) / transin /      1.00000 para s2(04)
Mensaje D / 00:00:00:032 / s0(02) / ... para top(01)
Mensaje D / 00:00:00:032 / s2(04) / ... para top(01)
Mensaje D / 00:00:00:032 / top(01) / ... para Root(00)
Mensaje X / 00:00:00:040 / Root(00) / in /      1.00000 para top(01)
Mensaje X / 00:00:00:040 / top(01) / in /      1.00000 para s0(02)
Mensaje X / 00:00:00:040 / top(01) / in /      1.00000 para s1(03)
Mensaje X / 00:00:00:040 / top(01) / in /      1.00000 para s2(04)
Mensaje D / 00:00:00:040 / s0(02) / ... para top(01)
Mensaje D / 00:00:00:040 / s1(03) / ... para top(01)
Mensaje D / 00:00:00:040 / s2(04) / 00:00:00:002 para top(01)
Mensaje D / 00:00:00:040 / top(01) / 00:00:00:002 para Root(00)
Mensaje * / 00:00:00:042 / Root(00) para top(01)
Mensaje * / 00:00:00:042 / top(01) para s2(04)
Mensaje Y / 00:00:00:042 / s2(04) / out /      1.00000 para top(01)
Mensaje D / 00:00:00:042 / s2(04) / ... para top(01)
Mensaje Y / 00:00:00:042 / top(01) / s2 /      1.00000 para Root(00)
Mensaje X / 00:00:00:042 / top(01) / transin /      1.00000 para s0(02)
Mensaje X / 00:00:00:042 / top(01) / transin /      1.00000 para s2(04)
Mensaje D / 00:00:00:042 / s0(02) / ... para top(01)
Mensaje D / 00:00:00:042 / s2(04) / ... para top(01)
Mensaje D / 00:00:00:042 / top(01) / ... para Root(00)
Mensaje X / 00:00:00:050 / Root(00) / in /      0.00000 para top(01)
Mensaje X / 00:00:00:050 / top(01) / in /      0.00000 para s0(02)
Mensaje X / 00:00:00:050 / top(01) / in /      0.00000 para s1(03)
Mensaje X / 00:00:00:050 / top(01) / in /      0.00000 para s2(04)
Mensaje D / 00:00:00:050 / s0(02) / 00:00:00:002 para top(01)
Mensaje D / 00:00:00:050 / s1(03) / ... para top(01)
Mensaje D / 00:00:00:050 / s2(04) / ... para top(01)
Mensaje D / 00:00:00:050 / top(01) / 00:00:00:002 para Root(00)
Mensaje * / 00:00:00:052 / Root(00) para top(01)
Mensaje * / 00:00:00:052 / top(01) para s0(02)
Mensaje Y / 00:00:00:052 / s0(02) / out /      0.00000 para top(01)
Mensaje D / 00:00:00:052 / s0(02) / ... para top(01)
Mensaje Y / 00:00:00:052 / top(01) / s0 /      0.00000 para Root(00)
Mensaje X / 00:00:00:052 / top(01) / transin /      0.00000 para s0(02)
Mensaje X / 00:00:00:052 / top(01) / transin /      0.00000 para s1(03)
Mensaje D / 00:00:00:052 / s0(02) / ... para top(01)
Mensaje D / 00:00:00:052 / s1(03) / ... para top(01)
Mensaje D / 00:00:00:052 / top(01) / ... para Root(00)
Mensaje X / 00:00:00:060 / Root(00) / in /      0.00000 para top(01)
Mensaje X / 00:00:00:060 / top(01) / in /      0.00000 para s0(02)
Mensaje X / 00:00:00:060 / top(01) / in /      0.00000 para s1(03)
Mensaje X / 00:00:00:060 / top(01) / in /      0.00000 para s2(04)
Mensaje D / 00:00:00:060 / s0(02) / 00:00:00:002 para top(01)
Mensaje D / 00:00:00:060 / s1(03) / ... para top(01)
Mensaje D / 00:00:00:060 / s2(04) / ... para top(01)
Mensaje D / 00:00:00:060 / top(01) / 00:00:00:002 para Root(00)
Mensaje * / 00:00:00:062 / Root(00) para top(01)
Mensaje * / 00:00:00:062 / top(01) para s0(02)
Mensaje Y / 00:00:00:062 / s0(02) / out /      0.00000 para top(01)
Mensaje D / 00:00:00:062 / s0(02) / ... para top(01)
Mensaje Y / 00:00:00:062 / top(01) / s0 /      0.00000 para Root(00)
Mensaje X / 00:00:00:062 / top(01) / transin /      0.00000 para s0(02)
Mensaje X / 00:00:00:062 / top(01) / transin /      0.00000 para s1(03)
Mensaje D / 00:00:00:062 / s0(02) / ... para top(01)
Mensaje D / 00:00:00:062 / s1(03) / ... para top(01)
Mensaje D / 00:00:00:062 / top(01) / ... para Root(00)
Mensaje X / 00:00:00:070 / Root(00) / in /      1.00000 para top(01)
Mensaje X / 00:00:00:070 / top(01) / in /      1.00000 para s0(02)
Mensaje X / 00:00:00:070 / top(01) / in /      1.00000 para s1(03)
Mensaje X / 00:00:00:070 / top(01) / in /      1.00000 para s2(04)
Mensaje D / 00:00:00:070 / s0(02) / ... para top(01)
Mensaje D / 00:00:00:070 / s1(03) / 00:00:00:002 para top(01)
Mensaje D / 00:00:00:070 / s2(04) / ... para top(01)
Mensaje D / 00:00:00:070 / top(01) / 00:00:00:002 para Root(00)
Mensaje * / 00:00:00:072 / Root(00) para top(01)
Mensaje * / 00:00:00:072 / top(01) para s1(03)
Mensaje Y / 00:00:00:072 / s1(03) / out /      1.00000 para top(01)
Mensaje D / 00:00:00:072 / s1(03) / ... para top(01)
Mensaje Y / 00:00:00:072 / top(01) / s1 /      1.00000 para Root(00)
Mensaje X / 00:00:00:072 / top(01) / transin /      1.00000 para s0(02)
Mensaje X / 00:00:00:072 / top(01) / transin /      1.00000 para s2(04)
Mensaje D / 00:00:00:072 / s0(02) / ... para top(01)
Mensaje D / 00:00:00:072 / s2(04) / ... para top(01)
Mensaje D / 00:00:00:072 / top(01) / ... para Root(00)
Mensaje X / 00:00:00:080 / Root(00) / in /      0.00000 para top(01)
Mensaje X / 00:00:00:080 / top(01) / in /      0.00000 para s0(02)
Mensaje X / 00:00:00:080 / top(01) / in /      0.00000 para s1(03)
Mensaje X / 00:00:00:080 / top(01) / in /      0.00000 para s2(04)
Mensaje D / 00:00:00:080 / s0(02) / 00:00:00:002 para top(01)
Mensaje D / 00:00:00:080 / s1(03) / ... para top(01)
Mensaje D / 00:00:00:080 / s2(04) / ... para top(01)
Mensaje D / 00:00:00:080 / top(01) / 00:00:00:002 para Root(00)
Mensaje * / 00:00:00:082 / Root(00) para top(01)
Mensaje * / 00:00:00:082 / top(01) para s0(02)
Mensaje Y / 00:00:00:082 / s0(02) / out /      0.00000 para top(01)
Mensaje D / 00:00:00:082 / s0(02) / ... para top(01)
Mensaje Y / 00:00:00:082 / top(01) / s0 /      0.00000 para Root(00)
Mensaje X / 00:00:00:082 / top(01) / transin /      0.00000 para s0(02)
Mensaje X / 00:00:00:082 / top(01) / transin /      0.00000 para s1(03)
Mensaje D / 00:00:00:082 / s0(02) / ... para top(01)
Mensaje D / 00:00:00:082 / s1(03) / ... para top(01)
Mensaje D / 00:00:00:082 / top(01) / ... para Root(00)
Mensaje X / 00:00:00:090 / Root(00) / in /      0.00000 para top(01)
Mensaje X / 00:00:00:090 / top(01) / in /      0.00000 para s0(02)
Mensaje X / 00:00:00:090 / top(01) / in /      0.00000 para s1(03)
Mensaje X / 00:00:00:090 / top(01) / in /      0.00000 para s2(04)
Mensaje D / 00:00:00:090 / s0(02) / 00:00:00:002 para top(01)
Mensaje D / 00:00:00:090 / s1(03) / ... para top(01)
Mensaje D / 00:00:00:090 / s2(04) / ... para top(01)
Mensaje D / 00:00:00:090 / top(01) / 00:00:00:002 para Root(00)
Mensaje * / 00:00:00:092 / Root(00) para top(01)
Mensaje * / 00:00:00:092 / top(01) para s0(02)
Mensaje Y / 00:00:00:092 / s0(02) / out /      0.00000 para top(01)
Mensaje D / 00:00:00:092 / s0(02) / ... para top(01)
Mensaje Y / 00:00:00:092 / top(01) / s0 /      0.00000 para Root(00)
Mensaje X / 00:00:00:092 / top(01) / transin /      0.00000 para s0(02)
Mensaje X / 00:00:00:092 / top(01) / transin /      0.00000 para s1(03)
Mensaje D / 00:00:00:092 / s0(02) / ... para top(01)
Mensaje D / 00:00:00:092 / s1(03) / ... para top(01)
Mensaje D / 00:00:00:092 / top(01) / ... para Root(00)
Mensaje X / 00:00:00:100 / Root(00) / in /      0.00000 para top(01)
Mensaje X / 00:00:00:100 / top(01) / in /      0.00000 para s0(02)
Mensaje X / 00:00:00:100 / top(01) / in /      0.00000 para s1(03)
Mensaje X / 00:00:00:100 / top(01) / in /      0.00000 para s2(04)
Mensaje D / 00:00:00:100 / s0(02) / 00:00:00:002 para top(01)
Mensaje D / 00:00:00:100 / s1(03) / ... para top(01)
Mensaje D / 00:00:00:100 / s2(04) / ... para top(01)
Mensaje D / 00:00:00:100 / top(01) / 00:00:00:002 para Root(00)
Mensaje * / 00:00:00:102 / Root(00) para top(01)
Mensaje * / 00:00:00:102 / top(01) para s0(02)
Mensaje Y / 00:00:00:102 / s0(02) / out /      0.00000 para top(01)
Mensaje D / 00:00:00:102 / s0(02) / ... para top(01)
Mensaje Y / 00:00:00:102 / top(01) / s0 /      0.00000 para Root(00)
Mensaje X / 00:00:00:102 / top(01) / transin /      0.00000 para s0(02)
Mensaje X / 00:00:00:102 / top(01) / transin /      0.00000 para s1(03)
Mensaje D / 00:00:00:102 / s0(02) / ... para top(01)
Mensaje D / 00:00:00:102 / s1(03) / ... para top(01)
Mensaje D / 00:00:00:102 / top(01) / ... para Root(00)
Mensaje X / 00:00:00:110 / Root(00) / in /      1.00000 para top(01)
Mensaje X / 00:00:00:110 / top(01) / in /      1.00000 para s0(02)
Mensaje X / 00:00:00:110 / top(01) / in /      1.00000 para s1(03)
Mensaje X / 00:00:00:110 / top(01) / in /      1.00000 para s2(04)
Mensaje D / 00:00:00:110 / s0(02) / ... para top(01)
Mensaje D / 00:00:00:110 / s1(03) / 00:00:00:002 para top(01)
Mensaje D / 00:00:00:110 / s2(04) / ... para top(01)
Mensaje D / 00:00:00:110 / top(01) / 00:00:00:002 para Root(00)
Mensaje * / 00:00:00:112 / Root(00) para top(01)
Mensaje * / 00:00:00:112 / top(01) para s1(03)
Mensaje Y / 00:00:00:112 / s1(03) / out /      1.00000 para top(01)
Mensaje D / 00:00:00:112 / s1(03) / ... para top(01)
Mensaje Y / 00:00:00:112 / top(01) / s1 /      1.00000 para Root(00)
Mensaje X / 00:00:00:112 / top(01) / transin /      1.00000 para s0(02)
Mensaje X / 00:00:00:112 / top(01) / transin /      1.00000 para s2(04)
Mensaje D / 00:00:00:112 / s0(02) / ... para top(01)
Mensaje D / 00:00:00:112 / s2(04) / ... para top(01)
Mensaje D / 00:00:00:112 / top(01) / ... para Root(00)
Mensaje X / 00:00:00:120 / Root(00) / in /      0.00000 para top(01)
Mensaje X / 00:00:00:120 / top(01) / in /      0.00000 para s0(02)
Mensaje X / 00:00:00:120 / top(01) / in /      0.00000 para s1(03)
Mensaje X / 00:00:00:120 / top(01) / in /      0.00000 para s2(04)
Mensaje D / 00:00:00:120 / s0(02) / 00:00:00:002 para top(01)
Mensaje D / 00:00:00:120 / s1(03) / ... para top(01)
Mensaje D / 00:00:00:120 / s2(04) / ... para top(01)
Mensaje D / 00:00:00:120 / top(01) / 00:00:00:002 para Root(00)
Mensaje * / 00:00:00:122 / Root(00) para top(01)
Mensaje * / 00:00:00:122 / top(01) para s0(02)
Mensaje Y / 00:00:00:122 / s0(02) / out /      0.00000 para top(01)
Mensaje D / 00:00:00:122 / s0(02) / ... para top(01)
Mensaje Y / 00:00:00:122 / top(01) / s0 /      0.00000 para Root(00)
Mensaje X / 00:00:00:122 / top(01) / transin /      0.00000 para s0(02)
Mensaje X / 00:00:00:122 / top(01) / transin /      0.00000 para s1(03)
Mensaje D / 00:00:00:122 / s0(02) / ... para top(01)
Mensaje D / 00:00:00:122 / s1(03) / ... para top(01)
Mensaje D / 00:00:00:122 / top(01) / ... para Root(00)
Mensaje X / 00:00:00:130 / Root(00) / in /      1.00000 para top(01)
Mensaje X / 00:00:00:130 / top(01) / in /      1.00000 para s0(02)
Mensaje X / 00:00:00:130 / top(01) / in /      1.00000 para s1(03)
Mensaje X / 00:00:00:130 / top(01) / in /      1.00000 para s2(04)
Mensaje D / 00:00:00:130 / s0(02) / ... para top(01)
Mensaje D / 00:00:00:130 / s1(03) / 00:00:00:002 para top(01)
Mensaje D / 00:00:00:130 / s2(04) / ... para top(01)
Mensaje D / 00:00:00:130 / top(01) / 00:00:00:002 para Root(00)
Mensaje * / 00:00:00:132 / Root(00) para top(01)
Mensaje * / 00:00:00:132 / top(01) para s1(03)
Mensaje Y / 00:00:00:132 / s1(03) / out /      1.00000 para top(01)
Mensaje D / 00:00:00:132 / s1(03) / ... para top(01)
Mensaje Y / 00:00:00:132 / top(01) / s1 /      1.00000 para Root(00)
Mensaje X / 00:00:00:132 / top(01) / transin /      1.00000 para s0(02)
Mensaje X / 00:00:00:132 / top(01) / transin /      1.00000 para s2(04)
Mensaje D / 00:00:00:132 / s0(02) / ... para top(01)
Mensaje D / 00:00:00:132 / s2(04) / ... para top(01)
Mensaje D / 00:00:00:132 / top(01) / ... para Root(00)
Mensaje X / 00:00:00:140 / Root(00) / in /      1.00000 para top(01)
Mensaje X / 00:00:00:140 / top(01) / in /      1.00000 para s0(02)
Mensaje X / 00:00:00:140 / top(01) / in /      1.00000 para s1(03)
Mensaje X / 00:00:00:140 / top(01) / in /      1.00000 para s2(04)
Mensaje D / 00:00:00:140 / s0(02) / ... para top(01)
Mensaje D / 00:00:00:140 / s1(03) / ... para top(01)
Mensaje D / 00:00:00:140 / s2(04) / 00:00:00:002 para top(01)
Mensaje D / 00:00:00:140 / top(01) / 00:00:00:002 para Root(00)
Mensaje * / 00:00:00:142 / Root(00) para top(01)
Mensaje * / 00:00:00:142 / top(01) para s2(04)
Mensaje Y / 00:00:00:142 / s2(04) / out /      1.00000 para top(01)
Mensaje D / 00:00:00:142 / s2(04) / ... para top(01)
Mensaje Y / 00:00:00:142 / top(01) / s2 /      1.00000 para Root(00)
Mensaje X / 00:00:00:142 / top(01) / transin /      1.00000 para s0(02)
Mensaje X / 00:00:00:142 / top(01) / transin /      1.00000 para s2(04)
Mensaje D / 00:00:00:142 / s0(02) / ... para top(01)
Mensaje D / 00:00:00:142 / s2(04) / ... para top(01)
Mensaje D / 00:00:00:142 / top(01) / ... para Root(00)
Mensaje X / 00:00:00:150 / Root(00) / in /      0.00000 para top(01)
Mensaje X / 00:00:00:150 / top(01) / in /      0.00000 para s0(02)
Mensaje X / 00:00:00:150 / top(01) / in /      0.00000 para s1(03)
Mensaje X / 00:00:00:150 / top(01) / in /      0.00000 para s2(04)
Mensaje D / 00:00:00:150 / s0(02) / 00:00:00:002 para top(01)
Mensaje D / 00:00:00:150 / s1(03) / ... para top(01)
Mensaje D / 00:00:00:150 / s2(04) / ... para top(01)
Mensaje D / 00:00:00:150 / top(01) / 00:00:00:002 para Root(00)
Mensaje * / 00:00:00:152 / Root(00) para top(01)
Mensaje * / 00:00:00:152 / top(01) para s0(02)
Mensaje Y / 00:00:00:152 / s0(02) / out /      0.00000 para top(01)
Mensaje D / 00:00:00:152 / s0(02) / ... para top(01)
Mensaje Y / 00:00:00:152 / top(01) / s0 /      0.00000 para Root(00)
Mensaje X / 00:00:00:152 / top(01) / transin /      0.00000 para s0(02)
Mensaje X / 00:00:00:152 / top(01) / transin /      0.00000 para s1(03)
Mensaje D / 00:00:00:152 / s0(02) / ... para top(01)
Mensaje D / 00:00:00:152 / s1(03) / ... para top(01)
Mensaje D / 00:00:00:152 / top(01) / ... para Root(00)
