Mensaje I / 00:00:00:000 / Root(00) para top(01)
Mensaje I / 00:00:00:000 / top(01) para zero(02)
Mensaje I / 00:00:00:000 / top(01) para five(03)
Mensaje I / 00:00:00:000 / top(01) para ten(04)
Mensaje I / 00:00:00:000 / top(01) para fifteen(05)
Mensaje I / 00:00:00:000 / top(01) para twenty(06)
Mensaje D / 00:00:00:000 / zero(02) / ... para top(01)
Mensaje D / 00:00:00:000 / five(03) / ... para top(01)
Mensaje D / 00:00:00:000 / ten(04) / ... para top(01)
Mensaje D / 00:00:00:000 / fifteen(05) / ... para top(01)
Mensaje D / 00:00:00:000 / twenty(06) / ... para top(01)
Mensaje D / 00:00:00:000 / top(01) / ... para Root(00)
Mensaje X / 00:00:00:010 / Root(00) / in /      0.00000 para top(01)
Mensaje X / 00:00:00:010 / top(01) / in /      0.00000 para zero(02)
Mensaje X / 00:00:00:010 / top(01) / in /      0.00000 para five(03)
Mensaje X / 00:00:00:010 / top(01) / in /      0.00000 para ten(04)
Mensaje X / 00:00:00:010 / top(01) / in /      0.00000 para fifteen(05)
Mensaje X / 00:00:00:010 / top(01) / in /      0.00000 para twenty(06)
Mensaje D / 00:00:00:010 / zero(02) / 00:00:00:002 para top(01)
Mensaje D / 00:00:00:010 / five(03) / ... para top(01)
Mensaje D / 00:00:00:010 / ten(04) / ... para top(01)
Mensaje D / 00:00:00:010 / fifteen(05) / ... para top(01)
Mensaje D / 00:00:00:010 / twenty(06) / ... para top(01)
Mensaje D / 00:00:00:010 / top(01) / 00:00:00:002 para Root(00)
Mensaje * / 00:00:00:012 / Root(00) para top(01)
Mensaje * / 00:00:00:012 / top(01) para zero(02)
Mensaje Y / 00:00:00:012 / zero(02) / out /      0.00000 para top(01)
Mensaje D / 00:00:00:012 / zero(02) / ... para top(01)
Mensaje Y / 00:00:00:012 / top(01) / zero /      0.00000 para Root(00)
Mensaje X / 00:00:00:012 / top(01) / transin /      0.00000 para five(03)
Mensaje X / 00:00:00:012 / top(01) / transin /      0.00000 para ten(04)
Mensaje D / 00:00:00:012 / five(03) / ... para top(01)
Mensaje D / 00:00:00:012 / ten(04) / ... para top(01)
Mensaje D / 00:00:00:012 / top(01) / ... para Root(00)
Mensaje X / 00:00:00:020 / Root(00) / in /      1.00000 para top(01)
Mensaje X / 00:00:00:020 / top(01) / in /      1.00000 para zero(02)
Mensaje X / 00:00:00:020 / top(01) / in /      1.00000 para five(03)
Mensaje X / 00:00:00:020 / top(01) / in /      1.00000 para ten(04)
Mensaje X / 00:00:00:020 / top(01) / in /      1.00000 para fifteen(05)
Mensaje X / 00:00:00:020 / top(01) / in /      1.00000 para twenty(06)
Mensaje D / 00:00:00:020 / zero(02) / ... para top(01)
Mensaje D / 00:00:00:020 / five(03) / ... para top(01)
Mensaje D / 00:00:00:020 / ten(04) / 00:00:00:002 para top(01)
Mensaje D / 00:00:00:020 / fifteen(05) / ... para top(01)
Mensaje D / 00:00:00:020 / twenty(06) / ... para top(01)
Mensaje D / 00:00:00:020 / top(01) / 00:00:00:002 para Root(00)
Mensaje * / 00:00:00:022 / Root(00) para top(01)
Mensaje * / 00:00:00:022 / top(01) para ten(04)
Mensaje Y / 00:00:00:022 / ten(04) / out /      1.00000 para top(01)
Mensaje D / 00:00:00:022 / ten(04) / ... para top(01)
Mensaje Y / 00:00:00:022 / top(01) / ten /      1.00000 para Root(00)
Mensaje X / 00:00:00:022 / top(01) / transin /      1.00000 para twenty(06)
Mensaje D / 00:00:00:022 / twenty(06) / ... para top(01)
Mensaje D / 00:00:00:022 / top(01) / ... para Root(00)
Mensaje X / 00:00:00:030 / Root(00) / in /      1.00000 para top(01)
Mensaje X / 00:00:00:030 / top(01) / in /      1.00000 para zero(02)
Mensaje X / 00:00:00:030 / top(01) / in /      1.00000 para five(03)
Mensaje X / 00:00:00:030 / top(01) / in /      1.00000 para ten(04)
Mensaje X / 00:00:00:030 / top(01) / in /      1.00000 para fifteen(05)
Mensaje X / 00:00:00:030 / top(01) / in /      1.00000 para twenty(06)
Mensaje D / 00:00:00:030 / zero(02) / ... para top(01)
Mensaje D / 00:00:00:030 / five(03) / ... para top(01)
Mensaje D / 00:00:00:030 / ten(04) / ... para top(01)
Mensaje D / 00:00:00:030 / fifteen(05) / ... para top(01)
Mensaje D / 00:00:00:030 / twenty(06) / 00:00:00:002 para top(01)
Mensaje D / 00:00:00:030 / top(01) / 00:00:00:002 para Root(00)
Mensaje * / 00:00:00:032 / Root(00) para top(01)
Mensaje * / 00:00:00:032 / top(01) para twenty(06)
Mensaje Y / 00:00:00:032 / twenty(06) / out /      1.00000 para top(01)
Mensaje D / 00:00:00:032 / twenty(06) / ... para top(01)
Mensaje Y / 00:00:00:032 / top(01) / twenty /      1.00000 para Root(00)
Mensaje X / 00:00:00:032 / top(01) / transin /      1.00000 para zero(02)
Mensaje D / 00:00:00:032 / zero(02) / ... para top(01)
Mensaje D / 00:00:00:032 / top(01) / ... para Root(00)
Mensaje X / 00:00:00:040 / Root(00) / in /      3.00000 para top(01)
Mensaje X / 00:00:00:040 / top(01) / in /      3.00000 para zero(02)
Mensaje X / 00:00:00:040 / top(01) / in /      3.00000 para five(03)
Mensaje X / 00:00:00:040 / top(01) / in /      3.00000 para ten(04)
Mensaje X / 00:00:00:040 / top(01) / in /      3.00000 para fifteen(05)
Mensaje X / 00:00:00:040 / top(01) / in /      3.00000 para twenty(06)
Mensaje D / 00:00:00:040 / zero(02) / 00:00:00:002 para top(01)
Mensaje D / 00:00:00:040 / five(03) / ... para top(01)
Mensaje D / 00:00:00:040 / ten(04) / ... para top(01)
Mensaje D / 00:00:00:040 / fifteen(05) / ... para top(01)
Mensaje D / 00:00:00:040 / twenty(06) / ... para top(01)
Mensaje D / 00:00:00:040 / top(01) / 00:00:00:002 para Root(00)
Mensaje * / 00:00:00:042 / Root(00) para top(01)
Mensaje * / 00:00:00:042 / top(01) para zero(02)
Mensaje Y / 00:00:00:042 / zero(02) / out /      3.00000 para top(01)
Mensaje Y / 00:00:00:042 / zero(02) / acting /      1.00000 para top(01)
Mensaje D / 00:00:00:042 / zero(02) / ... para top(01)
Mensaje Y / 00:00:00:042 / top(01) / zero /      3.00000 para Root(00)
Mensaje X / 00:00:00:042 / top(01) / transin /      3.00000 para five(03)
Mensaje X / 00:00:00:042 / top(01) / transin /      3.00000 para ten(04)
Mensaje Y / 00:00:00:042 / top(01) / action /      1.00000 para Root(00)
Mensaje D / 00:00:00:042 / five(03) / ... para top(01)
Mensaje D / 00:00:00:042 / ten(04) / ... para top(01)
Mensaje D / 00:00:00:042 / top(01) / ... para Root(00)
Mensaje X / 00:00:00:050 / Root(00) / in /      0.00000 para top(01)
Mensaje X / 00:00:00:050 / top(01) / in /      0.00000 para zero(02)
Mensaje X / 00:00:00:050 / top(01) / in /      0.00000 para five(03)
Mensaje X / 00:00:00:050 / top(01) / in /      0.00000 para ten(04)
Mensaje X / 00:00:00:050 / top(01) / in /      0.00000 para fifteen(05)
Mensaje X / 00:00:00:050 / top(01) / in /      0.00000 para twenty(06)
Mensaje D / 00:00:00:050 / zero(02) / ... para top(01)
Mensaje D / 00:00:00:050 / five(03) / 00:00:00:002 para top(01)
Mensaje D / 00:00:00:050 / ten(04) / ... para top(01)
Mensaje D / 00:00:00:050 / fifteen(05) / ... para top(01)
Mensaje D / 00:00:00:050 / twenty(06) / ... para top(01)
Mensaje D / 00:00:00:050 / top(01) / 00:00:00:002 para Root(00)
Mensaje * / 00:00:00:052 / Root(00) para top(01)
Mensaje * / 00:00:00:052 / top(01) para five(03)
Mensaje Y / 00:00:00:052 / five(03) / out /      0.00000 para top(01)
Mensaje D / 00:00:00:052 / five(03) / ... para top(01)
Mensaje Y / 00:00:00:052 / top(01) / five /      0.00000 para Root(00)
Mensaje X / 00:00:00:052 / top(01) / transin /      0.00000 para ten(04)
Mensaje X / 00:00:00:052 / top(01) / transin /      0.00000 para fifteen(05)
Mensaje D / 00:00:00:052 / ten(04) / ... para top(01)
Mensaje D / 00:00:00:052 / fifteen(05) / ... para top(01)
Mensaje D / 00:00:00:052 / top(01) / ... para Root(00)
Mensaje X / 00:00:00:060 / Root(00) / in /      0.00000 para top(01)
Mensaje X / 00:00:00:060 / top(01) / in /      0.00000 para zero(02)
Mensaje X / 00:00:00:060 / top(01) / in /      0.00000 para five(03)
Mensaje X / 00:00:00:060 / top(01) / in /      0.00000 para ten(04)
Mensaje X / 00:00:00:060 / top(01) / in /      0.00000 para fifteen(05)
Mensaje X / 00:00:00:060 / top(01) / in /      0.00000 para twenty(06)
Mensaje D / 00:00:00:060 / zero(02) / ... para top(01)
Mensaje D / 00:00:00:060 / five(03) / ... para top(01)
Mensaje D / 00:00:00:060 / ten(04) / 00:00:00:002 para top(01)
Mensaje D / 00:00:00:060 / fifteen(05) / ... para top(01)
Mensaje D / 00:00:00:060 / twenty(06) / ... para top(01)
Mensaje D / 00:00:00:060 / top(01) / 00:00:00:002 para Root(00)
Mensaje * / 00:00:00:062 / Root(00) para top(01)
Mensaje * / 00:00:00:062 / top(01) para ten(04)
Mensaje Y / 00:00:00:062 / ten(04) / out /      0.00000 para top(01)
Mensaje D / 00:00:00:062 / ten(04) / ... para top(01)
Mensaje Y / 00:00:00:062 / top(01) / ten /      0.00000 para Root(00)
Mensaje X / 00:00:00:062 / top(01) / transin /      0.00000 para twenty(06)
Mensaje D / 00:00:00:062 / twenty(06) / ... para top(01)
Mensaje D / 00:00:00:062 / top(01) / ... para Root(00)
Mensaje X / 00:00:00:070 / Root(00) / in /      1.00000 para top(01)
Mensaje X / 00:00:00:070 / top(01) / in /      1.00000 para zero(02)
Mensaje X / 00:00:00:070 / top(01) / in /      1.00000 para five(03)
Mensaje X / 00:00:00:070 / top(01) / in /      1.00000 para ten(04)
Mensaje X / 00:00:00:070 / top(01) / in /      1.00000 para fifteen(05)
Mensaje X / 00:00:00:070 / top(01) / in /      1.00000 para twenty(06)
Mensaje D / 00:00:00:070 / zero(02) / ... para top(01)
Mensaje D / 00:00:00:070 / five(03) / ... para top(01)
Mensaje D / 00:00:00:070 / ten(04) / ... para top(01)
Mensaje D / 00:00:00:070 / fifteen(05) / ... para top(01)
Mensaje D / 00:00:00:070 / twenty(06) / 00:00:00:002 para top(01)
Mensaje D / 00:00:00:070 / top(01) / 00:00:00:002 para Root(00)
Mensaje * / 00:00:00:072 / Root(00) para top(01)
Mensaje * / 00:00:00:072 / top(01) para twenty(06)
Mensaje Y / 00:00:00:072 / twenty(06) / out /      1.00000 para top(01)
Mensaje D / 00:00:00:072 / twenty(06) / ... para top(01)
Mensaje Y / 00:00:00:072 / top(01) / twenty /      1.00000 para Root(00)
Mensaje X / 00:00:00:072 / top(01) / transin /      1.00000 para zero(02)
Mensaje D / 00:00:00:072 / zero(02) / ... para top(01)
Mensaje D / 00:00:00:072 / top(01) / ... para Root(00)
Mensaje X / 00:00:00:080 / Root(00) / in /      3.00000 para top(01)
Mensaje X / 00:00:00:080 / top(01) / in /      3.00000 para zero(02)
Mensaje X / 00:00:00:080 / top(01) / in /      3.00000 para five(03)
Mensaje X / 00:00:00:080 / top(01) / in /      3.00000 para ten(04)
Mensaje X / 00:00:00:080 / top(01) / in /      3.00000 para fifteen(05)
Mensaje X / 00:00:00:080 / top(01) / in /      3.00000 para twenty(06)
Mensaje D / 00:00:00:080 / zero(02) / 00:00:00:002 para top(01)
Mensaje D / 00:00:00:080 / five(03) / ... para top(01)
Mensaje D / 00:00:00:080 / ten(04) / ... para top(01)
Mensaje D / 00:00:00:080 / fifteen(05) / ... para top(01)
Mensaje D / 00:00:00:080 / twenty(06) / ... para top(01)
Mensaje D / 00:00:00:080 / top(01) / 00:00:00:002 para Root(00)
Mensaje * / 00:00:00:082 / Root(00) para top(01)
Mensaje * / 00:00:00:082 / top(01) para zero(02)
Mensaje Y / 00:00:00:082 / zero(02) / out /      3.00000 para top(01)
Mensaje Y / 00:00:00:082 / zero(02) / acting /      1.00000 para top(01)
Mensaje D / 00:00:00:082 / zero(02) / ... para top(01)
Mensaje Y / 00:00:00:082 / top(01) / zero /      3.00000 para Root(00)
Mensaje X / 00:00:00:082 / top(01) / transin /      3.00000 para five(03)
Mensaje X / 00:00:00:082 / top(01) / transin /      3.00000 para ten(04)
Mensaje Y / 00:00:00:082 / top(01) / action /      1.00000 para Root(00)
Mensaje D / 00:00:00:082 / five(03) / ... para top(01)
Mensaje D / 00:00:00:082 / ten(04) / ... para top(01)
Mensaje D / 00:00:00:082 / top(01) / ... para Root(00)
Mensaje X / 00:00:00:090 / Root(00) / in /      0.00000 para top(01)
Mensaje X / 00:00:00:090 / top(01) / in /      0.00000 para zero(02)
Mensaje X / 00:00:00:090 / top(01) / in /      0.00000 para five(03)
Mensaje X / 00:00:00:090 / top(01) / in /      0.00000 para ten(04)
Mensaje X / 00:00:00:090 / top(01) / in /      0.00000 para fifteen(05)
Mensaje X / 00:00:00:090 / top(01) / in /      0.00000 para twenty(06)
Mensaje D / 00:00:00:090 / zero(02) / ... para top(01)
Mensaje D / 00:00:00:090 / five(03) / 00:00:00:002 para top(01)
Mensaje D / 00:00:00:090 / ten(04) / ... para top(01)
Mensaje D / 00:00:00:090 / fifteen(05) / ... para top(01)
Mensaje D / 00:00:00:090 / twenty(06) / ... para top(01)
Mensaje D / 00:00:00:090 / top(01) / 00:00:00:002 para Root(00)
Mensaje * / 00:00:00:092 / Root(00) para top(01)
Mensaje * / 00:00:00:092 / top(01) para five(03)
Mensaje Y / 00:00:00:092 / five(03) / out /      0.00000 para top(01)
Mensaje D / 00:00:00:092 / five(03) / ... para top(01)
Mensaje Y / 00:00:00:092 / top(01) / five /      0.00000 para Root(00)
Mensaje X / 00:00:00:092 / top(01) / transin /      0.00000 para ten(04)
Mensaje X / 00:00:00:092 / top(01) / transin /      0.00000 para fifteen(05)
Mensaje D / 00:00:00:092 / ten(04) / ... para top(01)
Mensaje D / 00:00:00:092 / fifteen(05) / ... para top(01)
Mensaje D / 00:00:00:092 / top(01) / ... para Root(00)
Mensaje X / 00:00:00:100 / Root(00) / in /      0.00000 para top(01)
Mensaje X / 00:00:00:100 / top(01) / in /      0.00000 para zero(02)
Mensaje X / 00:00:00:100 / top(01) / in /      0.00000 para five(03)
Mensaje X / 00:00:00:100 / top(01) / in /      0.00000 para ten(04)
Mensaje X / 00:00:00:100 / top(01) / in /      0.00000 para fifteen(05)
Mensaje X / 00:00:00:100 / top(01) / in /      0.00000 para twenty(06)
Mensaje D / 00:00:00:100 / zero(02) / ... para top(01)
Mensaje D / 00:00:00:100 / five(03) / ... para top(01)
Mensaje D / 00:00:00:100 / ten(04) / 00:00:00:002 para top(01)
Mensaje D / 00:00:00:100 / fifteen(05) / ... para top(01)
Mensaje D / 00:00:00:100 / twenty(06) / ... para top(01)
Mensaje D / 00:00:00:100 / top(01) / 00:00:00:002 para Root(00)
Mensaje * / 00:00:00:102 / Root(00) para top(01)
Mensaje * / 00:00:00:102 / top(01) para ten(04)
Mensaje Y / 00:00:00:102 / ten(04) / out /      0.00000 para top(01)
Mensaje D / 00:00:00:102 / ten(04) / ... para top(01)
Mensaje Y / 00:00:00:102 / top(01) / ten /      0.00000 para Root(00)
Mensaje X / 00:00:00:102 / top(01) / transin /      0.00000 para twenty(06)
Mensaje D / 00:00:00:102 / twenty(06) / ... para top(01)
Mensaje D / 00:00:00:102 / top(01) / ... para Root(00)
Mensaje X / 00:00:00:110 / Root(00) / in /      1.00000 para top(01)
Mensaje X / 00:00:00:110 / top(01) / in /      1.00000 para zero(02)
Mensaje X / 00:00:00:110 / top(01) / in /      1.00000 para five(03)
Mensaje X / 00:00:00:110 / top(01) / in /      1.00000 para ten(04)
Mensaje X / 00:00:00:110 / top(01) / in /      1.00000 para fifteen(05)
Mensaje X / 00:00:00:110 / top(01) / in /      1.00000 para twenty(06)
Mensaje D / 00:00:00:110 / zero(02) / ... para top(01)
Mensaje D / 00:00:00:110 / five(03) / ... para top(01)
Mensaje D / 00:00:00:110 / ten(04) / ... para top(01)
Mensaje D / 00:00:00:110 / fifteen(05) / ... para top(01)
Mensaje D / 00:00:00:110 / twenty(06) / 00:00:00:002 para top(01)
Mensaje D / 00:00:00:110 / top(01) / 00:00:00:002 para Root(00)
Mensaje * / 00:00:00:112 / Root(00) para top(01)
Mensaje * / 00:00:00:112 / top(01) para twenty(06)
Mensaje Y / 00:00:00:112 / twenty(06) / out /      1.00000 para top(01)
Mensaje D / 00:00:00:112 / twenty(06) / ... para top(01)
Mensaje Y / 00:00:00:112 / top(01) / twenty /      1.00000 para Root(00)
Mensaje X / 00:00:00:112 / top(01) / transin /      1.00000 para zero(02)
Mensaje D / 00:00:00:112 / zero(02) / ... para top(01)
Mensaje D / 00:00:00:112 / top(01) / ... para Root(00)
Mensaje X / 00:00:00:120 / Root(00) / in /      0.00000 para top(01)
Mensaje X / 00:00:00:120 / top(01) / in /      0.00000 para zero(02)
Mensaje X / 00:00:00:120 / top(01) / in /      0.00000 para five(03)
Mensaje X / 00:00:00:120 / top(01) / in /      0.00000 para ten(04)
Mensaje X / 00:00:00:120 / top(01) / in /      0.00000 para fifteen(05)
Mensaje X / 00:00:00:120 / top(01) / in /      0.00000 para twenty(06)
Mensaje D / 00:00:00:120 / zero(02) / ... para top(01)
Mensaje D / 00:00:00:120 / five(03) / ... para top(01)
Mensaje D / 00:00:00:120 / ten(04) / ... para top(01)
Mensaje D / 00:00:00:120 / fifteen(05) / ... para top(01)
Mensaje D / 00:00:00:120 / twenty(06) / ... para top(01)
Mensaje D / 00:00:00:120 / top(01) / ... para Root(00)
Mensaje X / 00:00:00:130 / Root(00) / in /      3.00000 para top(01)
Mensaje X / 00:00:00:130 / top(01) / in /      3.00000 para zero(02)
Mensaje X / 00:00:00:130 / top(01) / in /      3.00000 para five(03)
Mensaje X / 00:00:00:130 / top(01) / in /      3.00000 para ten(04)
Mensaje X / 00:00:00:130 / top(01) / in /      3.00000 para fifteen(05)
Mensaje X / 00:00:00:130 / top(01) / in /      3.00000 para twenty(06)
Mensaje D / 00:00:00:130 / zero(02) / 00:00:00:002 para top(01)
Mensaje D / 00:00:00:130 / five(03) / ... para top(01)
Mensaje D / 00:00:00:130 / ten(04) / ... para top(01)
Mensaje D / 00:00:00:130 / fifteen(05) / ... para top(01)
Mensaje D / 00:00:00:130 / twenty(06) / ... para top(01)
Mensaje D / 00:00:00:130 / top(01) / 00:00:00:002 para Root(00)
Mensaje * / 00:00:00:132 / Root(00) para top(01)
Mensaje * / 00:00:00:132 / top(01) para zero(02)
Mensaje Y / 00:00:00:132 / zero(02) / out /      3.00000 para top(01)
Mensaje Y / 00:00:00:132 / zero(02) / acting /      1.00000 para top(01)
Mensaje D / 00:00:00:132 / zero(02) / ... para top(01)
Mensaje Y / 00:00:00:132 / top(01) / zero /      3.00000 para Root(00)
Mensaje X / 00:00:00:132 / top(01) / transin /      3.00000 para five(03)
Mensaje X / 00:00:00:132 / top(01) / transin /      3.00000 para ten(04)
Mensaje Y / 00:00:00:132 / top(01) / action /      1.00000 para Root(00)
Mensaje D / 00:00:00:132 / five(03) / ... para top(01)
Mensaje D / 00:00:00:132 / ten(04) / ... para top(01)
Mensaje D / 00:00:00:132 / top(01) / ... para Root(00)
